{"numTotalTestSuites":4,"numPassedTestSuites":0,"numFailedTestSuites":4,"numPendingTestSuites":0,"numTotalTests":115,"numPassedTests":104,"numFailedTests":11,"numPendingTests":0,"numTodoTests":0,"snapshot":{"added":0,"failure":false,"filesAdded":0,"filesRemoved":0,"filesRemovedList":[],"filesUnmatched":0,"filesUpdated":0,"matched":0,"total":0,"unchecked":0,"uncheckedKeysByFile":[],"unmatched":0,"updated":0,"didUpdate":false},"startTime":1772754738476,"success":false,"testResults":[{"assertionResults":[{"ancestorTitles":["TW-004 deterministic scenario suite"],"fullName":"TW-004 deterministic scenario suite EH-TW-022: same seed + same task sequence yields identical digest and task logs","status":"passed","title":"EH-TW-022: same seed + same task sequence yields identical digest and task logs","duration":66.46399999999994,"failureMessages":[],"meta":{}},{"ancestorTitles":["TW-004 deterministic scenario suite"],"fullName":"TW-004 deterministic scenario suite EH-TW-023: accepting a contract creates one active job, locks payout, and hides the board","status":"passed","title":"EH-TW-023: accepting a contract creates one active job, locks payout, and hides the board","duration":3.764900000000125,"failureMessages":[],"meta":{}},{"ancestorTitles":["TW-004 deterministic scenario suite"],"fullName":"TW-004 deterministic scenario suite EH-TW-129: jobs without material needs skip load-from-shop and supplier tasks","status":"passed","title":"EH-TW-129: jobs without material needs skip load-from-shop and supplier tasks","duration":2.6943999999998596,"failureMessages":[],"meta":{}},{"ancestorTitles":["TW-004 deterministic scenario suite"],"fullName":"TW-004 deterministic scenario suite EH-TW-063: Day Laborer is always offered and pays minimum wage without replacing the active field job","status":"passed","title":"EH-TW-063: Day Laborer is always offered and pays minimum wage without replacing the active field job","duration":5.190099999999802,"failureMessages":[],"meta":{}},{"ancestorTitles":["TW-004 deterministic scenario suite"],"fullName":"TW-004 deterministic scenario suite EH-TW-064: Day Laborer uses only regular shift hours when fatigue compresses the workday","status":"passed","title":"EH-TW-064: Day Laborer uses only regular shift hours when fatigue compresses the workday","duration":2.4549999999999272,"failureMessages":[],"meta":{}},{"ancestorTitles":["TW-004 deterministic scenario suite"],"fullName":"TW-004 deterministic scenario suite EH-TW-072: available offers are ordered as Day Labor first, then Baba G jobs","status":"passed","title":"EH-TW-072: available offers are ordered as Day Labor first, then Baba G jobs","duration":2.6062000000001717,"failureMessages":[],"meta":{}},{"ancestorTitles":["TW-004 deterministic scenario suite"],"fullName":"TW-004 deterministic scenario suite EH-TW-098: second offer rotates Baba G contract by day","status":"passed","title":"EH-TW-098: second offer rotates Baba G contract by day","duration":2.4524999999998727,"failureMessages":[],"meta":{}},{"ancestorTitles":["TW-004 deterministic scenario suite"],"fullName":"TW-004 deterministic scenario suite EH-TW-024: supplier checkout deducts cash, adds supplies, advances checkout, and grants trade skill XP","status":"passed","title":"EH-TW-024: supplier checkout deducts cash, adds supplies, advances checkout, and grants trade skill XP","duration":24.58269999999993,"failureMessages":[],"meta":{}},{"ancestorTitles":["TW-004 deterministic scenario suite"],"fullName":"TW-004 deterministic scenario suite EH-TW-082: checkout passes with empty supplier cart when truck stock already covers material needs","status":"passed","title":"EH-TW-082: checkout passes with empty supplier cart when truck stock already covers material needs","duration":9.008699999999862,"failureMessages":[],"meta":{}},{"ancestorTitles":["TW-004 deterministic scenario suite"],"fullName":"TW-004 deterministic scenario suite EH-TW-104: checkout with insufficient cash returns a balance-declined notice and clear shortfall","status":"passed","title":"EH-TW-104: checkout with insufficient cash returns a balance-declined notice and clear shortfall","duration":6.048000000000229,"failureMessages":[],"meta":{}},{"ancestorTitles":["TW-004 deterministic scenario suite"],"fullName":"TW-004 deterministic scenario suite EH-TW-025: travel blocks when fuel is insufficient","status":"passed","title":"EH-TW-025: travel blocks when fuel is insufficient","duration":3.267199999999775,"failureMessages":[],"meta":{}},{"ancestorTitles":["TW-004 deterministic scenario suite"],"fullName":"TW-004 deterministic scenario suite EH-TW-103: load-from-shop guidance calls out extra in-stock required supplies","status":"passed","title":"EH-TW-103: load-from-shop guidance calls out extra in-stock required supplies","duration":2.5429999999996653,"failureMessages":[],"meta":{}},{"ancestorTitles":["TW-004 deterministic scenario suite"],"fullName":"TW-004 deterministic scenario suite EH-TW-062: refuel task can add fuel before route travel","status":"passed","title":"EH-TW-062: refuel task can add fuel before route travel","duration":4.665599999999813,"failureMessages":[],"meta":{}},{"ancestorTitles":["TW-004 deterministic scenario suite"],"fullName":"TW-004 deterministic scenario suite EH-TW-126: standard refuel action skips purchase and advances the task","status":"passed","title":"EH-TW-126: standard refuel action skips purchase and advances the task","duration":2.995299999999588,"failureMessages":[],"meta":{}},{"ancestorTitles":["TW-004 deterministic scenario suite"],"fullName":"TW-004 deterministic scenario suite EH-TW-127: full tank at acceptance skips the gas-station task","status":"passed","title":"EH-TW-127: full tank at acceptance skips the gas-station task","duration":10.675700000000234,"failureMessages":[],"meta":{}},{"ancestorTitles":["TW-004 deterministic scenario suite"],"fullName":"TW-004 deterministic scenario suite EH-TW-026: rush increases fast and rework frequency against standard across seeds","status":"passed","title":"EH-TW-026: rush increases fast and rework frequency against standard across seeds","duration":0.29579999999987194,"failureMessages":[],"meta":{}},{"ancestorTitles":["TW-004 deterministic scenario suite"],"fullName":"TW-004 deterministic scenario suite EH-TW-027: careful improves average quality but usually spends more time than standard","status":"passed","title":"EH-TW-027: careful improves average quality but usually spends more time than standard","duration":415.5147999999999,"failureMessages":[],"meta":{}},{"ancestorTitles":["TW-004 deterministic scenario suite"],"fullName":"TW-004 deterministic scenario suite EH-TW-028: rework consumes base + 4 ticks and adds a redo unit","status":"passed","title":"EH-TW-028: rework consumes base + 4 ticks and adds a redo unit","duration":2.109100000000126,"failureMessages":[],"meta":{}},{"ancestorTitles":["TW-004 deterministic scenario suite"],"fullName":"TW-004 deterministic scenario suite EH-TW-029: work blocks when materials are missing and resumes after restock","status":"passed","title":"EH-TW-029: work blocks when materials are missing and resumes after restock","duration":5.695099999999911,"failureMessages":[],"meta":{}},{"ancestorTitles":["TW-004 deterministic scenario suite"],"fullName":"TW-004 deterministic scenario suite EH-TW-069: pickup-site-supplies cannot hard-block when site inventory is empty","status":"passed","title":"EH-TW-069: pickup-site-supplies cannot hard-block when site inventory is empty","duration":2.2475000000004,"failureMessages":[],"meta":{}},{"ancestorTitles":["TW-004 deterministic scenario suite"],"fullName":"TW-004 deterministic scenario suite EH-TW-030: unfinished jobs persist across rollovers and keep the board hidden","status":"passed","title":"EH-TW-030: unfinished jobs persist across rollovers and keep the board hidden","duration":15.597499999999854,"failureMessages":[],"meta":{}},{"ancestorTitles":["TW-004 deterministic scenario suite"],"fullName":"TW-004 deterministic scenario suite EH-TW-073: supplier-stage rollover returns to shop and requires travel-to-supplier before checkout","status":"passed","title":"EH-TW-073: supplier-stage rollover returns to shop and requires travel-to-supplier before checkout","duration":2.735099999999875,"failureMessages":[],"meta":{}},{"ancestorTitles":["TW-004 deterministic scenario suite"],"fullName":"TW-004 deterministic scenario suite EH-TW-031: overtime reduces next-day ticks while weekend recovery removes more debt","status":"passed","title":"EH-TW-031: overtime reduces next-day ticks while weekend recovery removes more debt","duration":13.011600000000271,"failureMessages":[],"meta":{}},{"ancestorTitles":["TW-004 deterministic scenario suite"],"fullName":"TW-004 deterministic scenario suite EH-TW-032: collect payment resolves success, neutral, and fail deterministically from quality and risk","status":"passed","title":"EH-TW-032: collect payment resolves success, neutral, and fail deterministically from quality and risk","duration":47.94309999999996,"failureMessages":[],"meta":{}},{"ancestorTitles":["TW-004 deterministic scenario suite"],"fullName":"TW-004 deterministic scenario suite EH-TW-128: return-to-shop allows a final standard action with 0.5h left","status":"failed","title":"EH-TW-128: return-to-shop allows a final standard action with 0.5h left","duration":45.08150000000023,"failureMessages":["AssertionError: expected undefined to be 'shop' // Object.is equality\n    at C:\\ErrorHammer\\tests\\tw_scenarios.test.ts:635:50\n    at file:///C:/ErrorHammer/node_modules/@vitest/runner/dist/index.js:146:14\n    at file:///C:/ErrorHammer/node_modules/@vitest/runner/dist/index.js:533:11\n    at runWithTimeout (file:///C:/ErrorHammer/node_modules/@vitest/runner/dist/index.js:39:7)\n    at runTest (file:///C:/ErrorHammer/node_modules/@vitest/runner/dist/index.js:1056:17)\n    at processTicksAndRejections (node:internal/process/task_queues:104:5)\n    at runSuite (file:///C:/ErrorHammer/node_modules/@vitest/runner/dist/index.js:1205:15)\n    at runSuite (file:///C:/ErrorHammer/node_modules/@vitest/runner/dist/index.js:1205:15)\n    at runFiles (file:///C:/ErrorHammer/node_modules/@vitest/runner/dist/index.js:1262:5)\n    at startTests (file:///C:/ErrorHammer/node_modules/@vitest/runner/dist/index.js:1271:3)"],"meta":{}},{"ancestorTitles":["TW-004 deterministic scenario suite"],"fullName":"TW-004 deterministic scenario suite EH-TW-074: quality at -1 does not auto-trigger neutral when risk checks pass","status":"passed","title":"EH-TW-074: quality at -1 does not auto-trigger neutral when risk checks pass","duration":27.930499999999938,"failureMessages":[],"meta":{}},{"ancestorTitles":["TW-004 deterministic scenario suite"],"fullName":"TW-004 deterministic scenario suite EH-TW-075: quality at -4 triggers neutral even when fail risk is zero","status":"passed","title":"EH-TW-075: quality at -4 triggers neutral even when fail risk is zero","duration":5.577499999999873,"failureMessages":[],"meta":{}},{"ancestorTitles":["TW-004 deterministic scenario suite"],"fullName":"TW-004 deterministic scenario suite EH-TW-076: rework-heavy settlements follow the softened fail-pressure coefficient","status":"failed","title":"EH-TW-076: rework-heavy settlements follow the softened fail-pressure coefficient","duration":208.6279999999997,"failureMessages":["Error: Could not reach task collect_payment for seed 5. Current task: do_work\n    at fastForwardToTask (C:\\ErrorHammer\\tests\\tw_scenarios.test.ts:85:13)\n    at C:\\ErrorHammer\\tests\\tw_scenarios.test.ts:663:19\n    at file:///C:/ErrorHammer/node_modules/@vitest/runner/dist/index.js:146:14\n    at file:///C:/ErrorHammer/node_modules/@vitest/runner/dist/index.js:533:11\n    at runWithTimeout (file:///C:/ErrorHammer/node_modules/@vitest/runner/dist/index.js:39:7)\n    at runTest (file:///C:/ErrorHammer/node_modules/@vitest/runner/dist/index.js:1056:17)\n    at processTicksAndRejections (node:internal/process/task_queues:104:5)\n    at runSuite (file:///C:/ErrorHammer/node_modules/@vitest/runner/dist/index.js:1205:15)\n    at runSuite (file:///C:/ErrorHammer/node_modules/@vitest/runner/dist/index.js:1205:15)\n    at runFiles (file:///C:/ErrorHammer/node_modules/@vitest/runner/dist/index.js:1262:5)"],"meta":{}},{"ancestorTitles":["TW-004 deterministic scenario suite"],"fullName":"TW-004 deterministic scenario suite EH-TW-077: settlement preview exposes payout snapshot and risk band for active jobs","status":"passed","title":"EH-TW-077: settlement preview exposes payout snapshot and risk band for active jobs","duration":16.477499999999964,"failureMessages":[],"meta":{}},{"ancestorTitles":["TW-004 deterministic scenario suite"],"fullName":"TW-004 deterministic scenario suite EH-TW-221: contract economy preview shows gross, cost buckets, and projected net before acceptance","status":"passed","title":"EH-TW-221: contract economy preview shows gross, cost buckets, and projected net before acceptance","duration":0.9929000000001906,"failureMessages":[],"meta":{}},{"ancestorTitles":["TW-004 deterministic scenario suite"],"fullName":"TW-004 deterministic scenario suite EH-TW-222: collect payment appends an explicit payout-cost-net receipt line","status":"passed","title":"EH-TW-222: collect payment appends an explicit payout-cost-net receipt line","duration":15.306800000000294,"failureMessages":[],"meta":{}},{"ancestorTitles":["TW-004 deterministic scenario suite"],"fullName":"TW-004 deterministic scenario suite EH-TW-033: final reputation delta includes quality and schedule modifiers","status":"failed","title":"EH-TW-033: final reputation delta includes quality and schedule modifiers","duration":20.99479999999994,"failureMessages":["AssertionError: expected 7 to be 8 // Object.is equality\n    at C:\\ErrorHammer\\tests\\tw_scenarios.test.ts:735:60\n    at file:///C:/ErrorHammer/node_modules/@vitest/runner/dist/index.js:146:14\n    at file:///C:/ErrorHammer/node_modules/@vitest/runner/dist/index.js:533:11\n    at runWithTimeout (file:///C:/ErrorHammer/node_modules/@vitest/runner/dist/index.js:39:7)\n    at runTest (file:///C:/ErrorHammer/node_modules/@vitest/runner/dist/index.js:1056:17)\n    at processTicksAndRejections (node:internal/process/task_queues:104:5)\n    at runSuite (file:///C:/ErrorHammer/node_modules/@vitest/runner/dist/index.js:1205:15)\n    at runSuite (file:///C:/ErrorHammer/node_modules/@vitest/runner/dist/index.js:1205:15)\n    at runFiles (file:///C:/ErrorHammer/node_modules/@vitest/runner/dist/index.js:1262:5)\n    at startTests (file:///C:/ErrorHammer/node_modules/@vitest/runner/dist/index.js:1271:3)"],"meta":{}},{"ancestorTitles":["TW-004 deterministic scenario suite"],"fullName":"TW-004 deterministic scenario suite EH-TW-063: reserved parts quality is calculated from the actual materials used and affects settlement","status":"failed","title":"EH-TW-063: reserved parts quality is calculated from the actual materials used and affects settlement","duration":39.12660000000005,"failureMessages":["Error: Could not settle collect_payment within 20 attempts.\n    at finishCurrentTaskUntilOutcome (C:\\ErrorHammer\\tests\\tw_scenarios.test.ts:102:13)\n    at C:\\ErrorHammer\\tests\\tw_scenarios.test.ts:760:32\n    at file:///C:/ErrorHammer/node_modules/@vitest/runner/dist/index.js:146:14\n    at file:///C:/ErrorHammer/node_modules/@vitest/runner/dist/index.js:533:11\n    at runWithTimeout (file:///C:/ErrorHammer/node_modules/@vitest/runner/dist/index.js:39:7)\n    at runTest (file:///C:/ErrorHammer/node_modules/@vitest/runner/dist/index.js:1056:17)\n    at processTicksAndRejections (node:internal/process/task_queues:104:5)\n    at runSuite (file:///C:/ErrorHammer/node_modules/@vitest/runner/dist/index.js:1205:15)\n    at runSuite (file:///C:/ErrorHammer/node_modules/@vitest/runner/dist/index.js:1205:15)\n    at runFiles (file:///C:/ErrorHammer/node_modules/@vitest/runner/dist/index.js:1262:5)"],"meta":{}},{"ancestorTitles":["TW-004 deterministic scenario suite"],"fullName":"TW-004 deterministic scenario suite EH-TW-034: skill XP grows from task use and can increase derived rank","status":"failed","title":"EH-TW-034: skill XP grows from task use and can increase derived rank","duration":2.219499999999698,"failureMessages":["AssertionError: expected 0 to be greater than 0\n    at C:\\ErrorHammer\\tests\\tw_scenarios.test.ts:773:23\n    at file:///C:/ErrorHammer/node_modules/@vitest/runner/dist/index.js:146:14\n    at file:///C:/ErrorHammer/node_modules/@vitest/runner/dist/index.js:533:11\n    at runWithTimeout (file:///C:/ErrorHammer/node_modules/@vitest/runner/dist/index.js:39:7)\n    at runTest (file:///C:/ErrorHammer/node_modules/@vitest/runner/dist/index.js:1056:17)\n    at processTicksAndRejections (node:internal/process/task_queues:104:5)\n    at runSuite (file:///C:/ErrorHammer/node_modules/@vitest/runner/dist/index.js:1205:15)\n    at runSuite (file:///C:/ErrorHammer/node_modules/@vitest/runner/dist/index.js:1205:15)\n    at runFiles (file:///C:/ErrorHammer/node_modules/@vitest/runner/dist/index.js:1262:5)\n    at startTests (file:///C:/ErrorHammer/node_modules/@vitest/runner/dist/index.js:1271:3)"],"meta":{}},{"ancestorTitles":["TW-004 deterministic scenario suite"],"fullName":"TW-004 deterministic scenario suite EH-TW-035: save/load round-trip preserves active job, location, fatigue, fuel, and skills","status":"passed","title":"EH-TW-035: save/load round-trip preserves active job, location, fatigue, fuel, and skills","duration":7.699800000000323,"failureMessages":[],"meta":{}},{"ancestorTitles":["TW-004 deterministic scenario suite"],"fullName":"TW-004 deterministic scenario suite EH-TW-036: legacy v1 saves are treated as incompatible","status":"passed","title":"EH-TW-036: legacy v1 saves are treated as incompatible","duration":0.5013000000003558,"failureMessages":[],"meta":{}},{"ancestorTitles":["TW-004 deterministic scenario suite"],"fullName":"TW-004 deterministic scenario suite EH-TW-037: background bot simulation is deterministic and advances bot skills","status":"passed","title":"EH-TW-037: background bot simulation is deterministic and advances bot skills","duration":9.985000000000127,"failureMessages":[],"meta":{}},{"ancestorTitles":["TW-004 deterministic scenario suite"],"fullName":"TW-004 deterministic scenario suite EH-TW-038: shop tool buy, repair, and fuel purchase keep active-job progress intact","status":"passed","title":"EH-TW-038: shop tool buy, repair, and fuel purchase keep active-job progress intact","duration":2.510099999999966,"failureMessages":[],"meta":{}},{"ancestorTitles":["TW-004 deterministic scenario suite"],"fullName":"TW-004 deterministic scenario suite EH-TW-118: broken on-site tools can route back to shop before the job is complete","status":"passed","title":"EH-TW-118: broken on-site tools can route back to shop before the job is complete","duration":4.497699999999895,"failureMessages":[],"meta":{}},{"ancestorTitles":["TW-004 deterministic scenario suite"],"fullName":"TW-004 deterministic scenario suite EH-TW-040: quick buy uses player/company names in logs","status":"passed","title":"EH-TW-040: quick buy uses player/company names in logs","duration":1.8786999999997533,"failureMessages":[],"meta":{}},{"ancestorTitles":["TW-004 deterministic scenario suite"],"fullName":"TW-004 deterministic scenario suite EH-TW-041: quick buy spends hours, deducts cash, and keeps the board unchanged","status":"passed","title":"EH-TW-041: quick buy spends hours, deducts cash, and keeps the board unchanged","duration":1.0547999999998865,"failureMessages":[],"meta":{}},{"ancestorTitles":["TW-004 deterministic scenario suite"],"fullName":"TW-004 deterministic scenario suite EH-TW-042: quick buy fails when cash or hours are insufficient","status":"passed","title":"EH-TW-042: quick buy fails when cash or hours are insufficient","duration":1.5765000000001237,"failureMessages":[],"meta":{}},{"ancestorTitles":["TW-004 deterministic scenario suite"],"fullName":"TW-004 deterministic scenario suite EH-TW-044: crew controls are frozen with a deterministic coming-soon notice","status":"passed","title":"EH-TW-044: crew controls are frozen with a deterministic coming-soon notice","duration":0.8570999999997184,"failureMessages":[],"meta":{}},{"ancestorTitles":["TW-004 deterministic scenario suite"],"fullName":"TW-004 deterministic scenario suite EH-TW-045: assignee changes are frozen and work logs stay on self-assignment","status":"passed","title":"EH-TW-045: assignee changes are frozen and work logs stay on self-assignment","duration":6.79970000000003,"failureMessages":[],"meta":{}},{"ancestorTitles":["TW-004 deterministic scenario suite"],"fullName":"TW-004 deterministic scenario suite EH-TW-046: loaded v4 saves default the active job assignee to self","status":"passed","title":"EH-TW-046: loaded v4 saves default the active job assignee to self","duration":2.014900000000125,"failureMessages":[],"meta":{}},{"ancestorTitles":["TW-004 deterministic scenario suite"],"fullName":"TW-004 deterministic scenario suite EH-TW-049: assignee changes remain disabled after work starts","status":"passed","title":"EH-TW-049: assignee changes remain disabled after work starts","duration":7.5603000000000975,"failureMessages":[],"meta":{}},{"ancestorTitles":["TW-004 deterministic scenario suite"],"fullName":"TW-004 deterministic scenario suite EH-TW-013: normalized content bundle has expected keys and stable ordering","status":"passed","title":"EH-TW-013: normalized content bundle has expected keys and stable ordering","duration":391.0875000000001,"failureMessages":[],"meta":{}},{"ancestorTitles":["TW-004 deterministic scenario suite"],"fullName":"TW-004 deterministic scenario suite EH-TW-012: schema validation still fails when a flavor line is removed","status":"passed","title":"EH-TW-012: schema validation still fails when a flavor line is removed","duration":229.54590000000053,"failureMessages":[],"meta":{}}],"startTime":1772754741092,"endTime":1772754742802.546,"status":"failed","message":"","name":"C:/ErrorHammer/tests/tw_scenarios.test.ts"},{"assertionResults":[{"ancestorTitles":["compact shell ui"],"fullName":"compact shell ui EH-TW-023: New Game enters the compact Work tab shell","status":"passed","title":"EH-TW-023: New Game enters the compact Work tab shell","duration":909.1497999999992,"failureMessages":[],"meta":{}},{"ancestorTitles":["compact shell ui"],"fullName":"compact shell ui EH-TW-063: defaults to standard text scale when no ui preference exists","status":"passed","title":"EH-TW-063: defaults to standard text scale when no ui preference exists","duration":20.15729999999985,"failureMessages":[],"meta":{}},{"ancestorTitles":["compact shell ui"],"fullName":"compact shell ui EH-TW-064: selecting text size updates the app scale attribute","status":"passed","title":"EH-TW-064: selecting text size updates the app scale attribute","duration":935.4704000000002,"failureMessages":[],"meta":{}},{"ancestorTitles":["compact shell ui"],"fullName":"compact shell ui EH-TW-065: text scale preference persists via localStorage and hydrates on mount","status":"passed","title":"EH-TW-065: text scale preference persists via localStorage and hydrates on mount","duration":15.539899999999761,"failureMessages":[],"meta":{}},{"ancestorTitles":["compact shell ui"],"fullName":"compact shell ui EH-TW-066: gameplay flow remains functional after changing text scale","status":"passed","title":"EH-TW-066: gameplay flow remains functional after changing text scale","duration":2091.824099999999,"failureMessages":[],"meta":{}},{"ancestorTitles":["compact shell ui"],"fullName":"compact shell ui EH-TW-201: Office segmented control includes Research and Yard","status":"passed","title":"EH-TW-201: Office segmented control includes Research and Yard","duration":161.08849999999984,"failureMessages":[],"meta":{}},{"ancestorTitles":["compact shell ui"],"fullName":"compact shell ui EH-TW-202: new game contracts begin with Day Labor + Baba and no unlocked trade offers","status":"failed","title":"EH-TW-202: new game contracts begin with Day Labor + Baba and no unlocked trade offers","duration":869.8117999999995,"failureMessages":["TestingLibraryElementError: Unable to find an accessible element with the role \"button\" and name `/^Day Labor$/i`\n\nHere are the accessible roles:\n\n  main:\n\n  Name \"\":\n  \u001b[36m<main\u001b[39m\n    \u001b[33mclass\u001b[39m=\u001b[32m\"screen-shell app-shell\"\u001b[39m\n  \u001b[36m/>\u001b[39m\n\n  --------------------------------------------------\n  article:\n\n  Name \"\":\n  \u001b[36m<article\u001b[39m\n    \u001b[33mclass\u001b[39m=\u001b[32m\"chrome-card inset-card office-menu-shell\"\u001b[39m\n  \u001b[36m/>\u001b[39m\n\n  Name \"\":\n  \u001b[36m<article\u001b[39m\n    \u001b[33mclass\u001b[39m=\u001b[32m\"chrome-card inset-card\"\u001b[39m\n  \u001b[36m/>\u001b[39m\n\n  Name \"\":\n  \u001b[36m<article\u001b[39m\n    \u001b[33mclass\u001b[39m=\u001b[32m\"hero-card chrome-card contract-detail-card\"\u001b[39m\n  \u001b[36m/>\u001b[39m\n\n  Name \"\":\n  \u001b[36m<article\u001b[39m\n    \u001b[33mclass\u001b[39m=\u001b[32m\"chrome-card inset-card\"\u001b[39m\n  \u001b[36m/>\u001b[39m\n\n  Name \"\":\n  \u001b[36m<article\u001b[39m\n    \u001b[33mclass\u001b[39m=\u001b[32m\"chrome-card inset-card\"\u001b[39m\n  \u001b[36m/>\u001b[39m\n\n  --------------------------------------------------\n  button:\n\n  Name \"Office menu\":\n  \u001b[36m<button\u001b[39m\n    \u001b[33maria-controls\u001b[39m=\u001b[32m\"office-sections-menu\"\u001b[39m\n    \u001b[33maria-expanded\u001b[39m=\u001b[32m\"false\"\u001b[39m\n    \u001b[33maria-label\u001b[39m=\u001b[32m\"Office menu\"\u001b[39m\n    \u001b[33mclass\u001b[39m=\u001b[32m\"ghost-button office-menu-trigger \"\u001b[39m\n    \u001b[33mtype\u001b[39m=\u001b[32m\"button\"\u001b[39m\n  \u001b[36m/>\u001b[39m\n\n  Name \"Info\":\n  \u001b[36m<button\u001b[39m\n    \u001b[33maria-controls\u001b[39m=\u001b[32m\"contract-info-day-labor-contract\"\u001b[39m\n    \u001b[33maria-expanded\u001b[39m=\u001b[32m\"false\"\u001b[39m\n    \u001b[33mclass\u001b[39m=\u001b[32m\"ghost-button\"\u001b[39m\n    \u001b[33mtype\u001b[39m=\u001b[32m\"button\"\u001b[39m\n  \u001b[36m/>\u001b[39m\n\n  Name \"Work Day Laborer Shift\":\n  \u001b[36m<button\u001b[39m\n    \u001b[33mclass\u001b[39m=\u001b[32m\"day-labor-shift-button wide-button\"\u001b[39m\n  \u001b[36m/>\u001b[39m\n\n  Name \"Day Labor$84Fallback\":\n  \u001b[36m<button\u001b[39m\n    \u001b[33mclass\u001b[39m=\u001b[32m\"trade-offer-chip active\"\u001b[39m\n  \u001b[36m/>\u001b[39m\n\n  Name \"Baba G$27561% risk\":\n  \u001b[36m<button\u001b[39m\n    \u001b[33mclass\u001b[39m=\u001b[32m\"trade-offer-chip\"\u001b[39m\n  \u001b[36m/>\u001b[39m\n\n  Name \"Work\":\n  \u001b[36m<button\u001b[39m\n    \u001b[33maria-pressed\u001b[39m=\u001b[32m\"false\"\u001b[39m\n    \u001b[33mclass\u001b[39m=\u001b[32m\"tab-button\"\u001b[39m\n  \u001b[36m/>\u001b[39m\n\n  Name \"Office\":\n  \u001b[36m<button\u001b[39m\n    \u001b[33maria-pressed\u001b[39m=\u001b[32m\"true\"\u001b[39m\n    \u001b[33mclass\u001b[39m=\u001b[32m\"tab-button active\"\u001b[39m\n  \u001b[36m/>\u001b[39m\n\n  Name \"End Day\":\n  \u001b[36m<button\u001b[39m\n    \u001b[33maria-label\u001b[39m=\u001b[32m\"End Day\"\u001b[39m\n    \u001b[33mclass\u001b[39m=\u001b[32m\"tab-button\"\u001b[39m\n  \u001b[36m/>\u001b[39m\n\n  Name \"Settings\":\n  \u001b[36m<button\u001b[39m\n    \u001b[33maria-label\u001b[39m=\u001b[32m\"Settings\"\u001b[39m\n    \u001b[33mclass\u001b[39m=\u001b[32m\"tab-button settings-gear-button\"\u001b[39m\n  \u001b[36m/>\u001b[39m\n\n  --------------------------------------------------\n  tablist:\n\n  Name \"Office sections\":\n  \u001b[36m<div\u001b[39m\n    \u001b[33maria-label\u001b[39m=\u001b[32m\"Office sections\"\u001b[39m\n    \u001b[33mclass\u001b[39m=\u001b[32m\"office-sections-menu closed\"\u001b[39m\n    \u001b[33mid\u001b[39m=\u001b[32m\"office-sections-menu\"\u001b[39m\n    \u001b[33mrole\u001b[39m=\u001b[32m\"tablist\"\u001b[39m\n  \u001b[36m/>\u001b[39m\n\n  --------------------------------------------------\n  tab:\n\n  Name \"Contracts\":\n  \u001b[36m<button\u001b[39m\n    \u001b[33maria-selected\u001b[39m=\u001b[32m\"true\"\u001b[39m\n    \u001b[33mclass\u001b[39m=\u001b[32m\"segment active office-menu-segment\"\u001b[39m\n    \u001b[33mrole\u001b[39m=\u001b[32m\"tab\"\u001b[39m\n  \u001b[36m/>\u001b[39m\n\n  Name \"Shop\":\n  \u001b[36m<button\u001b[39m\n    \u001b[33maria-selected\u001b[39m=\u001b[32m\"false\"\u001b[39m\n    \u001b[33mclass\u001b[39m=\u001b[32m\"segment office-menu-segment\"\u001b[39m\n    \u001b[33mrole\u001b[39m=\u001b[32m\"tab\"\u001b[39m\n  \u001b[36m/>\u001b[39m\n\n  Name \"Company\":\n  \u001b[36m<button\u001b[39m\n    \u001b[33maria-selected\u001b[39m=\u001b[32m\"false\"\u001b[39m\n    \u001b[33mclass\u001b[39m=\u001b[32m\"segment office-menu-segment\"\u001b[39m\n    \u001b[33mrole\u001b[39m=\u001b[32m\"tab\"\u001b[39m\n  \u001b[36m/>\u001b[39m\n\n  Name \"Facilities\":\n  \u001b[36m<button\u001b[39m\n    \u001b[33maria-selected\u001b[39m=\u001b[32m\"false\"\u001b[39m\n    \u001b[33mclass\u001b[39m=\u001b[32m\"segment office-menu-segment\"\u001b[39m\n    \u001b[33mrole\u001b[39m=\u001b[32m\"tab\"\u001b[39m\n  \u001b[36m/>\u001b[39m\n\n  Name \"Research\":\n  \u001b[36m<button\u001b[39m\n    \u001b[33maria-selected\u001b[39m=\u001b[32m\"false\"\u001b[39m\n    \u001b[33mclass\u001b[39m=\u001b[32m\"segment office-menu-segment\"\u001b[39m\n    \u001b[33mrole\u001b[39m=\u001b[32m\"tab\"\u001b[39m\n  \u001b[36m/>\u001b[39m\n\n  Name \"Yard\":\n  \u001b[36m<button\u001b[39m\n    \u001b[33maria-selected\u001b[39m=\u001b[32m\"false\"\u001b[39m\n    \u001b[33mclass\u001b[39m=\u001b[32m\"segment office-menu-segment\"\u001b[39m\n    \u001b[33mrole\u001b[39m=\u001b[32m\"tab\"\u001b[39m\n  \u001b[36m/>\u001b[39m\n\n  Name \"Trade Index\":\n  \u001b[36m<button\u001b[39m\n    \u001b[33maria-selected\u001b[39m=\u001b[32m\"false\"\u001b[39m\n    \u001b[33mclass\u001b[39m=\u001b[32m\"segment office-menu-segment\"\u001b[39m\n    \u001b[33mrole\u001b[39m=\u001b[32m\"tab\"\u001b[39m\n  \u001b[36m/>\u001b[39m\n\n  Name \"Accounting\":\n  \u001b[36m<button\u001b[39m\n    \u001b[33maria-selected\u001b[39m=\u001b[32m\"false\"\u001b[39m\n    \u001b[33mclass\u001b[39m=\u001b[32m\"segment office-menu-segment\"\u001b[39m\n    \u001b[33mrole\u001b[39m=\u001b[32m\"tab\"\u001b[39m\n  \u001b[36m/>\u001b[39m\n\n  --------------------------------------------------\n  paragraph:\n\n  Name \"\":\n  \u001b[36m<p\u001b[39m\n    \u001b[33mclass\u001b[39m=\u001b[32m\"eyebrow\"\u001b[39m\n  \u001b[36m/>\u001b[39m\n\n  Name \"\":\n  \u001b[36m<p\u001b[39m\n    \u001b[33mclass\u001b[39m=\u001b[32m\"muted-copy\"\u001b[39m\n  \u001b[36m/>\u001b[39m\n\n  Name \"\":\n  \u001b[36m<p\u001b[39m\n    \u001b[33mclass\u001b[39m=\u001b[32m\"eyebrow\"\u001b[39m\n  \u001b[36m/>\u001b[39m\n\n  Name \"\":\n  \u001b[36m<p\u001b[39m\n    \u001b[33mclass\u001b[39m=\u001b[32m\"muted-copy\"\u001b[39m\n  \u001b[36m/>\u001b[39m\n\n  Name \"\":\n  \u001b[36m<p\u001b[39m\n    \u001b[33mclass\u001b[39m=\u001b[32m\"muted-copy\"\u001b[39m\n  \u001b[36m/>\u001b[39m\n\n  Name \"\":\n  \u001b[36m<p\u001b[39m\n    \u001b[33mclass\u001b[39m=\u001b[32m\"eyebrow\"\u001b[39m\n  \u001b[36m/>\u001b[39m\n\n  Name \"\":\n  \u001b[36m<p\u001b[39m\n    \u001b[33mclass\u001b[39m=\u001b[32m\"muted-copy\"\u001b[39m\n  \u001b[36m/>\u001b[39m\n\n  Name \"\":\n  \u001b[36m<p\u001b[39m\n    \u001b[33mclass\u001b[39m=\u001b[32m\"eyebrow\"\u001b[39m\n  \u001b[36m/>\u001b[39m\n\n  --------------------------------------------------\n  heading:\n\n  Name \"Contract Board\":\n  \u001b[36m<h2 />\u001b[39m\n\n  Name \"Day Laborer\":\n  \u001b[36m<h3 />\u001b[39m\n\n  Name \"Always Available\":\n  \u001b[36m<h2 />\u001b[39m\n\n  --------------------------------------------------\n  strong:\n\n  Name \"\":\n  \u001b[36m<strong />\u001b[39m\n\n  Name \"\":\n  \u001b[36m<strong />\u001b[39m\n\n  Name \"\":\n  \u001b[36m<strong />\u001b[39m\n\n  Name \"\":\n  \u001b[36m<strong />\u001b[39m\n\n  Name \"\":\n  \u001b[36m<strong />\u001b[39m\n\n  --------------------------------------------------\n  navigation:\n\n  Name \"Primary navigation\":\n  \u001b[36m<nav\u001b[39m\n    \u001b[33maria-label\u001b[39m=\u001b[32m\"Primary navigation\"\u001b[39m\n    \u001b[33mclass\u001b[39m=\u001b[32m\"bottom-nav\"\u001b[39m\n  \u001b[36m/>\u001b[39m\n\n  --------------------------------------------------\n\nIgnored nodes: comments, script, style\n\u001b[36m<body>\u001b[39m\n  \u001b[36m<div>\u001b[39m\n    \u001b[36m<div\u001b[39m\n      \u001b[33mclass\u001b[39m=\u001b[32m\"app-root\"\u001b[39m\n      \u001b[33mdata-color-mode\u001b[39m=\u001b[32m\"neon\"\u001b[39m\n      \u001b[33mdata-text-scale\u001b[39m=\u001b[32m\"default\"\u001b[39m\n    \u001b[36m>\u001b[39m\n      \u001b[36m<main\u001b[39m\n        \u001b[33mclass\u001b[39m=\u001b[32m\"screen-shell app-shell\"\u001b[39m\n      \u001b[36m>\u001b[39m\n        \u001b[36m<section\u001b[39m\n          \u001b[33mclass\u001b[39m=\u001b[32m\"tab-stage\"\u001b[39m\n        \u001b[36m>\u001b[39m\n          \u001b[36m<section\u001b[39m\n            \u001b[33mclass\u001b[39m=\u001b[32m\"tab-panel office-tab\"\u001b[39m\n          \u001b[36m>\u001b[39m\n            \u001b[36m<article\u001b[39m\n              \u001b[33mclass\u001b[39m=\u001b[32m\"chrome-card inset-card office-menu-shell\"\u001b[39m\n            \u001b[36m>\u001b[39m\n              \u001b[36m<div\u001b[39m\n                \u001b[33mclass\u001b[39m=\u001b[32m\"office-menu-header\"\u001b[39m\n              \u001b[36m>\u001b[39m\n                \u001b[36m<button\u001b[39m\n                  \u001b[33maria-controls\u001b[39m=\u001b[32m\"office-sections-menu\"\u001b[39m\n                  \u001b[33maria-expanded\u001b[39m=\u001b[32m\"false\"\u001b[39m\n                  \u001b[33maria-label\u001b[39m=\u001b[32m\"Office menu\"\u001b[39m\n                  \u001b[33mclass\u001b[39m=\u001b[32m\"ghost-button office-menu-trigger \"\u001b[39m\n                  \u001b[33mtype\u001b[39m=\u001b[32m\"button\"\u001b[39m\n                \u001b[36m>\u001b[39m\n                  \u001b[36m<span\u001b[39m\n                    \u001b[33maria-hidden\u001b[39m=\u001b[32m\"true\"\u001b[39m\n                    \u001b[33mclass\u001b[39m=\u001b[32m\"office-menu-icon\"\u001b[39m\n                  \u001b[36m>\u001b[39m\n                    \u001b[0m☰\u001b[0m\n                  \u001b[36m</span>\u001b[39m\n                \u001b[36m</button>\u001b[39m\n                \u001b[36m<span\u001b[39m\n                  \u001b[33mclass\u001b[39m=\u001b[32m\"chip office-menu-current\"\u001b[39m\n                \u001b[36m>\u001b[39m\n                  \u001b[0mContracts\u001b[0m\n                \u001b[36m</span>\u001b[39m\n              \u001b[36m</div>\u001b[39m\n              \u001b[36m<div\u001b[39m\n                \u001b[33maria-label\u001b[39m=\u001b[32m\"Office sections\"\u001b[39m\n                \u001b[33mclass\u001b[39m=\u001b[32m\"office-sections-menu closed\"\u001b[39m\n                \u001b[33mid\u001b[39m=\u001b[32m\"office-sections-menu\"\u001b[39m\n                \u001b[33mrole\u001b[39m=\u001b[32m\"tablist\"\u001b[39m\n              \u001b[36m>\u001b[39m\n                \u001b[36m<button\u001b[39m\n                  \u001b[33maria-selected\u001b[39m=\u001b[32m\"true\"\u001b[39m\n                  \u001b[33mclass\u001b[39m=\u001b[32m\"segment active office-menu-segment\"\u001b[39m\n                  \u001b[33mrole\u001b[39m=\u001b[32m\"tab\"\u001b[39m\n                \u001b[36m>\u001b[39m\n                  \u001b[0mContracts\u001b[0m\n                \u001b[36m</button>\u001b[39m\n                \u001b[36m<button\u001b[39m\n                  \u001b[33maria-selected\u001b[39m=\u001b[32m\"false\"\u001b[39m\n                  \u001b[33mclass\u001b[39m=\u001b[32m\"segment office-menu-segment\"\u001b[39m\n                  \u001b[33mrole\u001b[39m=\u001b[32m\"tab\"\u001b[39m\n                \u001b[36m>\u001b[39m\n                  \u001b[0mShop\u001b[0m\n                \u001b[36m</button>\u001b[39m\n                \u001b[36m<button\u001b[39m\n                  \u001b[33maria-selected\u001b[39m=\u001b[32m\"false\"\u001b[39m\n                  \u001b[33mclass\u001b[39m=\u001b[32m\"segment office-menu-segment\"\u001b[39m\n                  \u001b[33mrole\u001b[39m=\u001b[32m\"tab\"\u001b[39m\n                \u001b[36m>\u001b[39m\n                  \u001b[0mCompany\u001b[0m\n                \u001b[36m</button>\u001b[39m\n                \u001b[36m<button\u001b[39m\n                  \u001b[33maria-selected\u001b[39m=\u001b[32m\"false\"\u001b[39m\n                  \u001b[33mclass\u001b[39m=\u001b[32m\"segment office-menu-segment\"\u001b[39m\n                  \u001b[33mrole\u001b[39m=\u001b[32m\"tab\"\u001b[39m\n                \u001b[36m>\u001b[39m\n                  \u001b[0mFacilities\u001b[0m\n                \u001b[36m</button>\u001b[39m\n                \u001b[36m<button\u001b[39m\n                  \u001b[33maria-selected\u001b[39m=\u001b[32m\"false\"\u001b[39m\n                  \u001b[33mclass\u001b[39m=\u001b[32m\"segment office-menu-segment\"\u001b[39m\n                  \u001b[33mrole\u001b[39m=\u001b[32m\"tab\"\u001b[39m\n                \u001b[36m>\u001b[39m\n                  \u001b[0mResearch\u001b[0m\n                \u001b[36m</button>\u001b[39m\n                \u001b[36m<button\u001b[39m\n                  \u001b[33maria-selected\u001b[39m=\u001b[32m\"false\"\u001b[39m\n                  \u001b[33mclass\u001b[39m=\u001b[32m\"segment office-menu-segment\"\u001b[39m\n                  \u001b[33mrole\u001b[39m=\u001b[32m\"tab\"\u001b[39m\n                \u001b[36m>\u001b[39m\n                  \u001b[0mYard\u001b[0m\n                \u001b[36m</button>\u001b[39m\n                \u001b[36m<button\u001b[39m\n                  \u001b[33maria-selected\u001b[39m=\u001b[32m\"false\"\u001b[39m\n                  \u001b[33mclass\u001b[39m=\u001b[32m\"segment office-menu-segment\"\u001b[39m\n                  \u001b[33mrole\u001b[39m=\u001b[32m\"tab\"\u001b[39m\n                \u001b[36m>\u001b[39m\n                  \u001b[0mTrade Index\u001b[0m\n                \u001b[36m</button>\u001b[39m\n                \u001b[36m<button\u001b[39m\n                  \u001b[33maria-selected\u001b[39m=\u001b[32m\"false\"\u001b[39m\n                  \u001b[33mclass\u001b[39m=\u001b[32m\"segment office-menu-segment\"\u001b[39m\n                  \u001b[33mrole\u001b[39m=\u001b[32m\"tab\"\u001b[39m\n                \u001b[36m>\u001b[39m\n                  \u001b[0mAccounting\u001b[0m\n                \u001b[36m</button>\u001b[39m\n              \u001b[36m</div>\u001b[39m\n            \u001b[36m</article>\u001b[39m\n            \u001b[36m<section\u001b[39m\n              \u001b[33mclass\u001b[39m=\u001b[32m\"tab-panel contracts-tab\"\u001b[39m\n            \u001b[36m>\u001b[39m\n              \u001b[36m<article\u001b[39m\n                \u001b[33mclass\u001b[39m=\u001b[32m\"chrome-card inset-card\"\u001b[39m\n              \u001b[36m>\u001b[39m\n                \u001b[36m<div\u001b[39m\n                  \u001b[33mclass\u001b[39m=\u001b[32m\"section-label-row\"\u001b[39m\n                \u001b[36m>\u001b[39m\n                  \u001b[36m<div>\u001b[39m\n                    \u001b[36m<p\u001b[39m\n                      \u001b[33mclass\u001b[39m=\u001b[32m\"eyebrow\"\u001b[39m\n                    \u001b[36m>\u001b[39m\n                      \u001b[0mTrade Groups\u001b[0m\n                    \u001b[36m</p>\u001b[39m\n                    \u001b[36m<h2>\u001b[39m\n                      \u001b[0mContract Board\u001b[0m\n                    \u001b[36m</h2>\u001b[39m\n                  \u001b[36m</div>\u001b[39m\n                \u001b[36m</div>\u001b[39m\n                \u001b[36m<div\u001b[39m\n                  \u001b[33mclass\u001b[39m=\u001b[32m\"chip-grid compact-chip-grid\"\u001b[39m\n                \u001b[36m/>\u001b[39m\n                \u001b[36m<div\u001b[39m\n                  \u001b[33mclass\u001b[39m=\u001b[32m\"trade-chip-grid\"\u001b[39m\n                \u001b[36m/>\u001b[39m\n                \u001b[36m<p\u001b[39m\n                  \u001b[33mclass\u001b[39m=\u001b[32m\"muted-copy\"\u001b[39m\n                \u001b[36m>\u001b[39m\n                  \u001b[0mNo trade groups unlocked yet.\u001b[0m\n                \u001b[36m</p>\u001b[39m\n              \u001b[36m</article>\u001b[39m\n              \u001b[36m<article\u001b[39m\n                \u001b[33mclass\u001b[39m=\u001b[32m\"hero-card chrome-card contract-detail-card\"\u001b[39m\n              \u001b[36m>\u001b[39m\n                \u001b[36m<div\u001b[39m\n                  \u001b[33mclass\u001b[39m=\u001b[32m\"section-label-row\"\u001b[39m\n                \u001b[36m>\u001b[39m\n                  \u001b[36m<div>\u001b[39m\n                    \u001b[36m<p\u001b[39m\n                      \u001b[33mclass\u001b[39m=\u001b[32m\"eyebrow\"\u001b[39m\n                    \u001b[36m>\u001b[39m\n                      \u001b[0mFallback Shift\u001b[0m\n                    \u001b[36m</p>\u001b[39m\n                    \u001b[36m<h3>\u001b[39m\n                      \u001b[0mDay Laborer\u001b[0m\n                    \u001b[36m</h3>\u001b[39m\n                  \u001b[36m</div>\u001b[39m\n                  \u001b[36m<button\u001b[39m\n                    \u001b[33maria-controls\u001b[39m=\u001b[32m\"contract-info-day-labor-contract\"\u001b[39m\n                    \u001b[33maria-expanded\u001b[39m=\u001b[32m\"false\"\u001b[39m\n                    \u001b[33mclass\u001b[39m=\u001b[32m\"ghost-button\"\u001b[39m\n                    \u001b[33mtype\u001b[39m=\u001b[32m\"button\"\u001b[39m\n                  \u001b[36m>\u001b[39m\n                    \u001b[0mInfo\u001b[0m\n                  \u001b[36m</button>\u001b[39m\n                \u001b[36m</div>\u001b[39m\n                \u001b[36m<div\u001b[39m\n                  \u001b[33mclass\u001b[39m=\u001b[32m\"material-need-meta\"\u001b[39m\n                \u001b[36m>\u001b[39m\n                  \u001b[36m<span>\u001b[39m\n                    \u001b[0mEst Net \u001b[0m\n                    \u001b[0m+$84\u001b[0m\n                  \u001b[36m</span>\u001b[39m\n                  \u001b[36m<span>\u001b[39m\n                    \u001b[0mBiggest Cost \u001b[0m\n                    \u001b[0mNone\u001b[0m\n                  \u001b[36m</span>\u001b[39m\n                \u001b[36m</div>\u001b[39m\n                \u001b[36m<div\u001b[39m\n                  \u001b[33mclass\u001b[39m=\u001b[32m\"detail-block\"\u001b[39m\n                \u001b[36m>\u001b[39m\n                  \u001b[36m<strong>\u001b[39m\n                    \u001b[0mRequired Tools\u001b[0m\n                  \u001b[36m</strong>\u001b[39m\n                  \u001b[36m<p\u001b[39m\n                    \u001b[33mclass\u001b[39m=\u001b[32m\"muted-copy\"\u001b[39m\n                  \u001b[36m>\u001b[39m\n                    \u001b[0mNone. This shift is always available.\u001b[0m\n                  \u001b[36m</p>\u001b[39m\n                \u001b[36m</div>\u001b[39m\n                \u001b[36m<div\u001b[39m\n                  \u001b[33mclass\u001b[39m=\u001b[32m\"detail-block\"\u001b[39m\n                \u001b[36m>\u001b[39m\n                  \u001b[36m<strong>\u001b[39m\n                    \u001b[0mMaterials\u001b[0m\n                  \u001b[36m</strong>\u001b[39m\n                  \u001b[36m<p\u001b[39m\n                    \u001b[33mclass\u001b[39m=\u001b[32m\"muted-copy\"\u001b[39m\n                  \u001b[36m>\u001b[39m\n                    \u001b[0mNo supplies needed. This fallback uses regular shift hours only and converts those hours into cash.\u001b[0m\n                  \u001b[36m</p>\u001b[39m\n                \u001b[36m</div>\u001b[39m\n                \u001b[36m<div\u001b[39m\n                  \u001b[33mclass\u001b[39m=\u001b[32m\"contract-detail-actions\"\u001b[39m\n                \u001b[36m>\u001b[39m\n                  \u001b[36m<p\u001b[39m\n                    \u001b[33mclass\u001b[39m=\u001b[32m\"eyebrow\"\u001b[39m\n                  \u001b[36m>\u001b[39m\n                    \u001b[0mTask\u001b[0m\n                  \u001b[36m</p>\u001b[39m\n                  \u001b[36m<button\u001b[39m\n                    \u001b[33mclass\u001b[39m=\u001b[32m\"day-labor-shift-button wide-button\"\u001b[39m\n                  \u001b[36m>\u001b[39m\n                    \u001b[0mWork Day Laborer Shift\u001b[0m\n                  \u001b[36m</button>\u001b[39m\n                \u001b[36m</div>\u001b[39m\n              \u001b[36m</article>\u001b[39m\n              \u001b[36m<article\u001b[39m\n                \u001b[33mclass\u001b[39m=\u001b[32m\"chrome-card inset-card\"\u001b[39m\n              \u001b[36m>\u001b[39m\n                \u001b[36m<div\u001b[39m\n                  \u001b[33mclass\u001b[39m=\u001b[32m\"section-label-row\"\u001b[39m\n                \u001b[36m>\u001b[39m\n                  \u001b[36m<strong>\u001b[39m\n                    \u001b[0mNo Trade Contracts Unlocked\u001b[0m\n                  \u001b[36m</strong>\u001b[39m\n                \u001b[36m</div>\u001b[39m\n                \u001b[36m<p\u001b[39m\n                  \u001b[33mclass\u001b[39m=\u001b[32m\"muted-copy\"\u001b[39m\n                \u001b[36m>\u001b[39m\n                  \u001b[0mComplete Baba G jobs to unlock core trade tracks.\u001b[0m\n                \u001b[36m</p>\u001b[39m\n              \u001b[36m</article>\u001b[39m\n              \u001b[36m<article\u001b[39m\n                \u001b[33mclass\u001b[39m=\u001b[32m\"chrome-card inset-card\"\u001b[39m\n              \u001b[36m>\u001b[39m\n                \u001b[36m<div\u001b[39m\n                  \u001b[33mclass\u001b[39m=\u001b[32m\"section-label-row\"\u001b[39m\n                \u001b[36m>\u001b[39m\n                  \u001b[36m<div>\u001b[39m\n                    \u001b[36m<p\u001b[39m\n                      \u001b[33mclass\u001b[39m=\u001b[32m\"eyebrow\"\u001b[39m\n                    \u001b[36m>\u001b[39m\n                      \u001b[0mPinned Offers\u001b[0m\n                    \u001b[36m</p>\u001b[39m\n                    \u001b[36m<h2>\u001b[39m\n                      \u001b[0mAlways Available\u001b[0m\n                    \u001b[36m</h2>\u001b[39m\n                  \u001b[36m</div>\u001b[39m\n                  \u001b[36m<span\u001b[39m\n                    \u001b[33mclass\u001b[39m=\u001b[32m\"chip\"\u001b[39m\n                  \u001b[36m>\u001b[39m\n                    \u001b[0m2\u001b[0m\n                    \u001b[0m offers\u001b[0m\n                  \u001b[36m</span>\u001b[39m\n                \u001b[36m</div>\u001b[39m\n                \u001b[36m<div\u001b[39m\n                  \u001b[33mclass\u001b[39m=\u001b[32m\"trade-pinned-grid\"\u001b[39m\n                \u001b[36m>\u001b[39m\n                  \u001b[36m<button\u001b[39m\n                    \u001b[33mclass\u001b[39m=\u001b[32m\"trade-offer-chip active\"\u001b[39m\n                  \u001b[36m>\u001b[39m\n                    \u001b[36m<strong>\u001b[39m\n                      \u001b[0mDay Labor\u001b[0m\n                    \u001b[36m</strong>\u001b[39m\n                    \u001b[36m<span>\u001b[39m\n                      \u001b[0m$\u001b[0m\n                      \u001b[0m84\u001b[0m\n                    \u001b[36m</span>\u001b[39m\n                    \u001b[36m<small>\u001b[39m\n                      \u001b[0mFallback\u001b[0m\n                    \u001b[36m</small>\u001b[39m\n                  \u001b[36m</button>\u001b[39m\n                  \u001b[36m<button\u001b[39m\n                    \u001b[33mclass\u001b[39m=\u001b[32m\"trade-offer-chip\"\u001b[39m\n                  \u001b[36m>\u001b[39m\n                    \u001b[36m<strong>\u001b[39m\n                      \u001b[0mBaba G\u001b[0m\n                    \u001b[36m</strong>\u001b[39m\n                    \u001b[36m<span>\u001b[39m\n                      \u001b[0m$\u001b[0m\n                      \u001b[0m275\u001b[0m\n                    \u001b[36m</span>\u001b[39m\n                    \u001b[36m<small>\u001b[39m\n                      \u001b[0m61\u001b[0m\n                      \u001b[0m% risk\u001b[0m\n                    \u001b[36m</small>\u001b[39m\n                  \u001b[36m</button>\u001b[39m\n                \u001b[36m</div>\u001b[39m\n              \u001b[36m</article>\u001b[39m\n            \u001b[36m</section>\u001b[39m\n          \u001b[36m</section>\u001b[39m\n        \u001b[36m</section>\u001b[39m\n        \u001b[36m<nav\u001b[39m\n          \u001b[33maria-label\u001b[39m=\u001b[32m\"Primary navigation\"\u001b[39m\n          \u001b[33mclass\u001b[39m=\u001b[32m\"bottom-nav\"\u001b[39m\n        \u001b[36m>\u001b[39m\n          \u001b[36m<button\u001b[39m\n            \u001b[33maria-pressed\u001b[39m=\u001b[32m\"false\"\u001b[39m\n            \u001b[33mclass\u001b[39m=\u001b[32m\"tab-button\"\u001b[39m\n          \u001b[36m>\u001b[39m\n            \u001b[36m<span>\u001b[39m\n              \u001b[0mWork\u001b[0m\n            \u001b[36m</span>\u001b[39m\n          \u001b[36m</button>\u001b[39m\n          \u001b[36m<button\u001b[39m\n            \u001b[33maria-pressed\u001b[39m=\u001b[32m\"true\"\u001b[39m\n            \u001b[33mclass\u001b[39m=\u001b[32m\"tab-button active\"\u001b[39m\n          \u001b[36m>\u001b[39m\n            \u001b[36m<span>\u001b[39m\n              \u001b[0mOffice\u001b[0m\n            \u001b[36m</span>\u001b[39m\n          \u001b[36m</button>\u001b[39m\n          \u001b[36m<button\u001b[39m\n            \u001b[33maria-label\u001b[39m=\u001b[32m\"End Day\"\u001b[39m\n            \u001b[33mclass\u001b[39m=\u001b[32m\"tab-button\"\u001b[39m\n          \u001b[36m>\u001b[39m\n            \u001b[36m<span>\u001b[39m\n              \u001b[0mEnd Day\u001b[0m\n            \u001b[36m</span>\u001b[39m\n          \u001b[36m</button>\u001b[39m\n          \u001b[36m<button\u001b[39m\n            \u001b[33maria-label\u001b[39m=\u001b[32m\"Settings\"\u001b[39m\n            \u001b[33mclass\u001b[39m=\u001b[32m\"tab-button settings-gear-button\"\u001b[39m\n          \u001b[36m>\u001b[39m\n            \u001b[36m<span\u001b[39m\n              \u001b[33maria-hidden\u001b[39m=\u001b[32m\"true\"\u001b[39m\n              \u001b[33mclass\u001b[39m=\u001b[32m\"settings-gear-icon\"\u001b[39m\n            \u001b[36m>\u001b[39m\n              \u001b[0m⚙\u001b[0m\n            \u001b[36m</span>\u001b[39m\n          \u001b[36m</button>\u001b[39m\n        \u001b[36m</nav>\u001b[39m\n      \u001b[36m</main>\u001b[39m\n    \u001b[36m</div>\u001b[39m\n  \u001b[36m</div>\u001b[39m\n\u001b[36m</body>\u001b[39m\n    at Object.getElementError (C:\\ErrorHammer\\node_modules\\@testing-library\\dom\\dist\\config.js:37:19)\n    at C:\\ErrorHammer\\node_modules\\@testing-library\\dom\\dist\\query-helpers.js:76:38\n    at C:\\ErrorHammer\\node_modules\\@testing-library\\dom\\dist\\query-helpers.js:52:17\n    at C:\\ErrorHammer\\node_modules\\@testing-library\\dom\\dist\\query-helpers.js:95:19\n    at C:\\ErrorHammer\\tests\\ui_shell.test.tsx:344:19\n    at file:///C:/ErrorHammer/node_modules/@vitest/runner/dist/index.js:146:14\n    at file:///C:/ErrorHammer/node_modules/@vitest/runner/dist/index.js:533:11\n    at runWithTimeout (file:///C:/ErrorHammer/node_modules/@vitest/runner/dist/index.js:39:7)\n    at runTest (file:///C:/ErrorHammer/node_modules/@vitest/runner/dist/index.js:1056:17)\n    at processTicksAndRejections (node:internal/process/task_queues:104:5)"],"meta":{}},{"ancestorTitles":["compact shell ui"],"fullName":"compact shell ui EH-TW-203: Yard tab shows dumpster status and empty action","status":"passed","title":"EH-TW-203: Yard tab shows dumpster status and empty action","duration":179.1957999999995,"failureMessages":[],"meta":{}},{"ancestorTitles":["compact shell ui"],"fullName":"compact shell ui EH-TW-204: accounting hire flow unlocks deeper finance lines and low clarity masks numbers","status":"passed","title":"EH-TW-204: accounting hire flow unlocks deeper finance lines and low clarity masks numbers","duration":365.09130000000005,"failureMessages":[],"meta":{}},{"ancestorTitles":["compact shell ui"],"fullName":"compact shell ui EH-TW-043: title form retains typed names and repopulates after returning to the title screen","status":"passed","title":"EH-TW-043: title form retains typed names and repopulates after returning to the title screen","duration":137.76759999999922,"failureMessages":[],"meta":{}},{"ancestorTitles":["compact shell ui"],"fullName":"compact shell ui EH-TW-024: Continue restores a save and opens Work","status":"passed","title":"EH-TW-024: Continue restores a save and opens Work","duration":148.52410000000054,"failureMessages":[],"meta":{}},{"ancestorTitles":["compact shell ui"],"fullName":"compact shell ui EH-TW-070: Work tab no longer shows day labor action when there is no active job","status":"passed","title":"EH-TW-070: Work tab no longer shows day labor action when there is no active job","duration":191.14530000000013,"failureMessages":[],"meta":{}},{"ancestorTitles":["compact shell ui"],"fullName":"compact shell ui EH-TW-025: empty Work state includes the contract-board CTA","status":"passed","title":"EH-TW-025: empty Work state includes the contract-board CTA","duration":274.4899999999998,"failureMessages":[],"meta":{}},{"ancestorTitles":["compact shell ui"],"fullName":"compact shell ui EH-TW-026 and EH-TW-027: selecting and accepting a contract returns focus to Work","status":"passed","title":"EH-TW-026 and EH-TW-027: selecting and accepting a contract returns focus to Work","duration":836.5301,"failureMessages":[],"meta":{}},{"ancestorTitles":["compact shell ui"],"fullName":"compact shell ui EH-TW-101: accepted Baba G contracts render in Work tab like active jobs","status":"passed","title":"EH-TW-101: accepted Baba G contracts render in Work tab like active jobs","duration":38.975000000000364,"failureMessages":[],"meta":{}},{"ancestorTitles":["compact shell ui"],"fullName":"compact shell ui EH-TW-071: Work tab no longer shows day labor action while an active job is in progress","status":"passed","title":"EH-TW-071: Work tab no longer shows day labor action while an active job is in progress","duration":1132.7011000000002,"failureMessages":[],"meta":{}},{"ancestorTitles":["compact shell ui"],"fullName":"compact shell ui EH-TW-029: field log modal opens and closes without changing the active tab","status":"passed","title":"EH-TW-029: field log modal opens and closes without changing the active tab","duration":412.6875,"failureMessages":[],"meta":{}},{"ancestorTitles":["compact shell ui"],"fullName":"compact shell ui EH-TW-054: operator card exposes inventory and skills modals","status":"passed","title":"EH-TW-054: operator card exposes inventory and skills modals","duration":860.3940000000002,"failureMessages":[],"meta":{}},{"ancestorTitles":["compact shell ui"],"fullName":"compact shell ui EH-TW-055: XP gains are shown in Task Result while level-up popups still surface","status":"passed","title":"EH-TW-055: XP gains are shown in Task Result while level-up popups still surface","duration":1188.737799999999,"failureMessages":[],"meta":{}},{"ancestorTitles":["compact shell ui"],"fullName":"compact shell ui EH-TW-056: level-up progression popups stay visible until manually dismissed","status":"passed","title":"EH-TW-056: level-up progression popups stay visible until manually dismissed","duration":1223.218399999998,"failureMessages":[],"meta":{}},{"ancestorTitles":["compact shell ui"],"fullName":"compact shell ui EH-TW-030 and EH-TW-031: store sections switch and off-shop state disables actions","status":"passed","title":"EH-TW-030 and EH-TW-031: store sections switch and off-shop state disables actions","duration":2292.5719000000026,"failureMessages":[],"meta":{}},{"ancestorTitles":["compact shell ui"],"fullName":"compact shell ui EH-TW-039: quick buy button appears when tools are missing","status":"failed","title":"EH-TW-039: quick buy button appears when tools are missing","duration":31.563399999999092,"failureMessages":["TestingLibraryElementError: Unable to find an element with the text: /Quick Tool Buy/i. This could be because the text is broken up by multiple elements. In this case, you can provide a function for your text matcher to make your matcher more flexible.\n\nIgnored nodes: comments, script, style\n\u001b[36m<body>\u001b[39m\n  \u001b[36m<div>\u001b[39m\n    \u001b[36m<div\u001b[39m\n      \u001b[33mclass\u001b[39m=\u001b[32m\"app-root\"\u001b[39m\n      \u001b[33mdata-color-mode\u001b[39m=\u001b[32m\"neon\"\u001b[39m\n      \u001b[33mdata-text-scale\u001b[39m=\u001b[32m\"default\"\u001b[39m\n    \u001b[36m>\u001b[39m\n      \u001b[36m<main\u001b[39m\n        \u001b[33mclass\u001b[39m=\u001b[32m\"screen-shell app-shell\"\u001b[39m\n      \u001b[36m>\u001b[39m\n        \u001b[36m<section\u001b[39m\n          \u001b[33mclass\u001b[39m=\u001b[32m\"tab-stage\"\u001b[39m\n        \u001b[36m>\u001b[39m\n          \u001b[36m<section\u001b[39m\n            \u001b[33mclass\u001b[39m=\u001b[32m\"tab-panel office-tab\"\u001b[39m\n          \u001b[36m>\u001b[39m\n            \u001b[36m<article\u001b[39m\n              \u001b[33mclass\u001b[39m=\u001b[32m\"chrome-card inset-card office-menu-shell\"\u001b[39m\n            \u001b[36m>\u001b[39m\n              \u001b[36m<div\u001b[39m\n                \u001b[33mclass\u001b[39m=\u001b[32m\"office-menu-header\"\u001b[39m\n              \u001b[36m>\u001b[39m\n                \u001b[36m<button\u001b[39m\n                  \u001b[33maria-controls\u001b[39m=\u001b[32m\"office-sections-menu\"\u001b[39m\n                  \u001b[33maria-expanded\u001b[39m=\u001b[32m\"false\"\u001b[39m\n                  \u001b[33maria-label\u001b[39m=\u001b[32m\"Office menu\"\u001b[39m\n                  \u001b[33mclass\u001b[39m=\u001b[32m\"ghost-button office-menu-trigger \"\u001b[39m\n                  \u001b[33mtype\u001b[39m=\u001b[32m\"button\"\u001b[39m\n                \u001b[36m>\u001b[39m\n                  \u001b[36m<span\u001b[39m\n                    \u001b[33maria-hidden\u001b[39m=\u001b[32m\"true\"\u001b[39m\n                    \u001b[33mclass\u001b[39m=\u001b[32m\"office-menu-icon\"\u001b[39m\n                  \u001b[36m>\u001b[39m\n                    \u001b[0m☰\u001b[0m\n                  \u001b[36m</span>\u001b[39m\n                \u001b[36m</button>\u001b[39m\n                \u001b[36m<span\u001b[39m\n                  \u001b[33mclass\u001b[39m=\u001b[32m\"chip office-menu-current\"\u001b[39m\n                \u001b[36m>\u001b[39m\n                  \u001b[0mContracts\u001b[0m\n                \u001b[36m</span>\u001b[39m\n              \u001b[36m</div>\u001b[39m\n              \u001b[36m<div\u001b[39m\n                \u001b[33maria-label\u001b[39m=\u001b[32m\"Office sections\"\u001b[39m\n                \u001b[33mclass\u001b[39m=\u001b[32m\"office-sections-menu closed\"\u001b[39m\n                \u001b[33mid\u001b[39m=\u001b[32m\"office-sections-menu\"\u001b[39m\n                \u001b[33mrole\u001b[39m=\u001b[32m\"tablist\"\u001b[39m\n              \u001b[36m>\u001b[39m\n                \u001b[36m<button\u001b[39m\n                  \u001b[33maria-selected\u001b[39m=\u001b[32m\"true\"\u001b[39m\n                  \u001b[33mclass\u001b[39m=\u001b[32m\"segment active office-menu-segment\"\u001b[39m\n                  \u001b[33mrole\u001b[39m=\u001b[32m\"tab\"\u001b[39m\n                \u001b[36m>\u001b[39m\n                  \u001b[0mContracts\u001b[0m\n                \u001b[36m</button>\u001b[39m\n                \u001b[36m<button\u001b[39m\n                  \u001b[33maria-selected\u001b[39m=\u001b[32m\"false\"\u001b[39m\n                  \u001b[33mclass\u001b[39m=\u001b[32m\"segment office-menu-segment\"\u001b[39m\n                  \u001b[33mrole\u001b[39m=\u001b[32m\"tab\"\u001b[39m\n                \u001b[36m>\u001b[39m\n                  \u001b[0mShop\u001b[0m\n                \u001b[36m</button>\u001b[39m\n                \u001b[36m<button\u001b[39m\n                  \u001b[33maria-selected\u001b[39m=\u001b[32m\"false\"\u001b[39m\n                  \u001b[33mclass\u001b[39m=\u001b[32m\"segment office-menu-segment\"\u001b[39m\n                  \u001b[33mrole\u001b[39m=\u001b[32m\"tab\"\u001b[39m\n                \u001b[36m>\u001b[39m\n                  \u001b[0mCompany\u001b[0m\n                \u001b[36m</button>\u001b[39m\n                \u001b[36m<button\u001b[39m\n                  \u001b[33maria-selected\u001b[39m=\u001b[32m\"false\"\u001b[39m\n                  \u001b[33mclass\u001b[39m=\u001b[32m\"segment office-menu-segment\"\u001b[39m\n                  \u001b[33mrole\u001b[39m=\u001b[32m\"tab\"\u001b[39m\n                \u001b[36m>\u001b[39m\n                  \u001b[0mFacilities\u001b[0m\n                \u001b[36m</button>\u001b[39m\n                \u001b[36m<button\u001b[39m\n                  \u001b[33maria-selected\u001b[39m=\u001b[32m\"false\"\u001b[39m\n                  \u001b[33mclass\u001b[39m=\u001b[32m\"segment office-menu-segment\"\u001b[39m\n                  \u001b[33mrole\u001b[39m=\u001b[32m\"tab\"\u001b[39m\n                \u001b[36m>\u001b[39m\n                  \u001b[0mResearch\u001b[0m\n                \u001b[36m</button>\u001b[39m\n                \u001b[36m<button\u001b[39m\n                  \u001b[33maria-selected\u001b[39m=\u001b[32m\"false\"\u001b[39m\n                  \u001b[33mclass\u001b[39m=\u001b[32m\"segment office-menu-segment\"\u001b[39m\n                  \u001b[33mrole\u001b[39m=\u001b[32m\"tab\"\u001b[39m\n                \u001b[36m>\u001b[39m\n                  \u001b[0mYard\u001b[0m\n                \u001b[36m</button>\u001b[39m\n                \u001b[36m<button\u001b[39m\n                  \u001b[33maria-selected\u001b[39m=\u001b[32m\"false\"\u001b[39m\n                  \u001b[33mclass\u001b[39m=\u001b[32m\"segment office-menu-segment\"\u001b[39m\n                  \u001b[33mrole\u001b[39m=\u001b[32m\"tab\"\u001b[39m\n                \u001b[36m>\u001b[39m\n                  \u001b[0mTrade Index\u001b[0m\n                \u001b[36m</button>\u001b[39m\n                \u001b[36m<button\u001b[39m\n                  \u001b[33maria-selected\u001b[39m=\u001b[32m\"false\"\u001b[39m\n                  \u001b[33mclass\u001b[39m=\u001b[32m\"segment office-menu-segment\"\u001b[39m\n                  \u001b[33mrole\u001b[39m=\u001b[32m\"tab\"\u001b[39m\n                \u001b[36m>\u001b[39m\n                  \u001b[0mAccounting\u001b[0m\n                \u001b[36m</button>\u001b[39m\n              \u001b[36m</div>\u001b[39m\n            \u001b[36m</article>\u001b[39m\n            \u001b[36m<section\u001b[39m\n              \u001b[33mclass\u001b[39m=\u001b[32m\"tab-panel contracts-tab\"\u001b[39m\n            \u001b[36m>\u001b[39m\n              \u001b[36m<article\u001b[39m\n                \u001b[33mclass\u001b[39m=\u001b[32m\"chrome-card inset-card\"\u001b[39m\n              \u001b[36m>\u001b[39m\n                \u001b[36m<div\u001b[39m\n                  \u001b[33mclass\u001b[39m=\u001b[32m\"section-label-row\"\u001b[39m\n                \u001b[36m>\u001b[39m\n                  \u001b[36m<div>\u001b[39m\n                    \u001b[36m<p\u001b[39m\n                      \u001b[33mclass\u001b[39m=\u001b[32m\"eyebrow\"\u001b[39m\n                    \u001b[36m>\u001b[39m\n                      \u001b[0mTrade Groups\u001b[0m\n                    \u001b[36m</p>\u001b[39m\n                    \u001b[36m<h2>\u001b[39m\n                      \u001b[0mContract Board\u001b[0m\n                    \u001b[36m</h2>\u001b[39m\n                  \u001b[36m</div>\u001b[39m\n                \u001b[36m</div>\u001b[39m\n                \u001b[36m<div\u001b[39m\n                  \u001b[33mclass\u001b[39m=\u001b[32m\"chip-grid compact-chip-grid\"\u001b[39m\n                \u001b[36m>\u001b[39m\n                  \u001b[36m<button\u001b[39m\n                    \u001b[33mclass\u001b[39m=\u001b[32m\"ghost-button active\"\u001b[39m\n                  \u001b[36m>\u001b[39m\n                    \u001b[0mFinishing & Specialty\u001b[0m\n                  \u001b[36m</button>\u001b[39m\n                \u001b[36m</div>\u001b[39m\n                \u001b[36m<div\u001b[39m\n                  \u001b[33mclass\u001b[39m=\u001b[32m\"trade-chip-grid\"\u001b[39m\n                \u001b[36m>\u001b[39m\n                  \u001b[36m<button\u001b[39m\n                    \u001b[33mclass\u001b[39m=\u001b[32m\"trade-offer-chip\"\u001b[39m\n                  \u001b[36m>\u001b[39m\n                    \u001b[36m<strong>\u001b[39m\n                      \u001b[0mPainter\u001b[0m\n                    \u001b[36m</strong>\u001b[39m\n                    \u001b[36m<span>\u001b[39m\n                      \u001b[0mExterior Trim Recoat\u001b[0m\n                    \u001b[36m</span>\u001b[39m\n                    \u001b[36m<small>\u001b[39m\n                      \u001b[0m$\u001b[0m\n                      \u001b[0m590\u001b[0m\n                      \u001b[0m | \u001b[0m\n                      \u001b[0m14\u001b[0m\n                      \u001b[0m% risk\u001b[0m\n                    \u001b[36m</small>\u001b[39m\n                    \u001b[36m<small\u001b[39m\n                      \u001b[33mclass\u001b[39m=\u001b[32m\"tone-energy\"\u001b[39m\n                    \u001b[36m>\u001b[39m\n                      \u001b[0mBest Pick\u001b[0m\n                    \u001b[36m</small>\u001b[39m\n                  \u001b[36m</button>\u001b[39m\n                \u001b[36m</div>\u001b[39m\n              \u001b[36m</article>\u001b[39m\n              \u001b[36m<article\u001b[39m\n                \u001b[33mclass\u001b[39m=\u001b[32m\"hero-card chrome-card contract-detail-card\"\u001b[39m\n              \u001b[36m>\u001b[39m\n                \u001b[36m<div\u001b[39m\n                  \u001b[33mclass\u001b[39m=\u001b[32m\"section-label-row\"\u001b[39m\n                \u001b[36m>\u001b[39m\n                  \u001b[36m<div>\u001b[39m\n                    \u001b[36m<p\u001b[39m\n                      \u001b[33mclass\u001b[39m=\u001b[32m\"eyebrow\"\u001b[39m\n                    \u001b[36m>\u001b[39m\n                      \u001b[0mFallback Shift\u001b[0m\n                    \u001b[36m</p>\u001b[39m\n                    \u001b[36m<h3>\u001b[39m\n                      \u001b[0mDay Laborer\u001b[0m\n                    \u001b[36m</h3>\u001b[39m\n                  \u001b[36m</div>\u001b[39m\n                  \u001b[36m<button\u001b[39m\n                    \u001b[33maria-controls\u001b[39m=\u001b[32m\"contract-info-day-labor-contract\"\u001b[39m\n                    \u001b[33maria-expanded\u001b[39m=\u001b[32m\"false\"\u001b[39m\n                    \u001b[33mclass\u001b[39m=\u001b[32m\"ghost-button\"\u001b[39m\n                    \u001b[33mtype\u001b[39m=\u001b[32m\"button\"\u001b[39m\n                  \u001b[36m>\u001b[39m\n                    \u001b[0mInfo\u001b[0m\n                  \u001b[36m</button>\u001b[39m\n                \u001b[36m</div>\u001b[39m\n                \u001b[36m<div\u001b[39m\n                  \u001b[33mclass\u001b[39m=\u001b[32m\"material-need-meta\"\u001b[39m\n                \u001b[36m>\u001b[39m\n                  \u001b[36m<span>\u001b[39m\n                    \u001b[0mEst Net \u001b[0m\n                    \u001b[0m+$84\u001b[0m\n                  \u001b[36m</span>\u001b[39m\n                  \u001b[36m<span>\u001b[39m\n                    \u001b[0mBiggest Cost \u001b[0m\n                    \u001b[0mNone\u001b[0m\n                  \u001b[36m</span>\u001b[39m\n                \u001b[36m</div>\u001b[39m\n                \u001b[36m<div\u001b[39m\n                  \u001b[33mclass\u001b[39m=\u001b[32m\"detail-block\"\u001b[39m\n                \u001b[36m>\u001b[39m\n                  \u001b[36m<strong>\u001b[39m\n                    \u001b[0mRequired Tools\u001b[0m\n                  \u001b[36m</strong>\u001b[39m\n                  \u001b[36m<p\u001b[39m\n                    \u001b[33mclass\u001b[39m=\u001b[32m\"muted-copy\"\u001b[39m\n                  \u001b[36m>\u001b[39m\n                    \u001b[0mNone. This shift is always available.\u001b[0m\n                  \u001b[36m</p>\u001b[39m\n                \u001b[36m</div>\u001b[39m\n                \u001b[36m<div\u001b[39m\n                  \u001b[33mclass\u001b[39m=\u001b[32m\"detail-block\"\u001b[39m\n                \u001b[36m>\u001b[39m\n                  \u001b[36m<strong>\u001b[39m\n                    \u001b[0mMaterials\u001b[0m\n                  \u001b[36m</strong>\u001b[39m\n                  \u001b[36m<p\u001b[39m\n                    \u001b[33mclass\u001b[39m=\u001b[32m\"muted-copy\"\u001b[39m\n                  \u001b[36m>\u001b[39m\n                    \u001b[0mNo supplies needed. This fallback uses regular shift hours only and converts those hours into cash.\u001b[0m\n                  \u001b[36m</p>\u001b[39m\n                \u001b[36m</div>\u001b[39m\n                \u001b[36m<div\u001b[39m\n                  \u001b[33mclass\u001b[39m=\u001b[32m\"contract-detail-actions\"\u001b[39m\n                \u001b[36m>\u001b[39m\n                  \u001b[36m<p\u001b[39m\n                    \u001b[33mclass\u001b[39m=\u001b[32m\"eyebrow\"\u001b[39m\n                  \u001b[36m>\u001b[39m\n                    \u001b[0mTask\u001b[0m\n                  \u001b[36m</p>\u001b[39m\n                  \u001b[36m<button\u001b[39m\n                    \u001b[33mclass\u001b[39m=\u001b[32m\"day-labor-shift-button wide-button\"\u001b[39m\n                  \u001b[36m>\u001b[39m\n                    \u001b[0mWork Day Laborer Shift\u001b[0m\n                  \u001b[36m</button>\u001b[39m\n                \u001b[36m</div>\u001b[39m\n              \u001b[36m</article>\u001b[39m\n              \u001b[36m<article\u001b[39m\n                \u001b[33mclass\u001b[39m=\u001b[32m\"chrome-card inset-card\"\u001b[39m\n              \u001b[36m>\u001b[39m\n                \u001b[36m<div\u001b[39m\n                  \u001b[33mclass\u001b[39m=\u001b[32m\"section-label-row\"\u001b[39m\n                \u001b[36m>\u001b[39m\n                  \u001b[36m<div>\u001b[39m\n                    \u001b[36m<p\u001b[39m\n                      \u001b[33mclass\u001b[39m=\u001b[32m\"eyebrow\"\u001b[39m\n                    \u001b[36m>\u001b[39m\n                      \u001b[0mPinned Offers\u001b[0m\n                    \u001b[36m</p>\u001b[39m\n                    \u001b[36m<h2>\u001b[39m\n                      \u001b[0mAlways Available\u001b[0m\n                    \u001b[36m</h2>\u001b[39m\n                  \u001b[36m</div>\u001b[39m\n                  \u001b[36m<span\u001b[39m\n                    \u001b[33mclass\u001b[39m=\u001b[32m\"chip\"\u001b[39m\n                  \u001b[36m>\u001b[39m\n                    \u001b[0m3\u001b[0m\n                    \u001b[0m offers\u001b[0m\n                  \u001b[36m</span>\u001b[39m\n                \u001b[36m</div>\u001b[39m\n                \u001b[36m<div\u001b[39m\n                  \u001b[33mclass\u001b[39m=\u001b[32m\"trade-pinned-grid\"\u001b[39m\n                \u001b[36m>\u001b[39m\n                  \u001b[36m<button\u001b[39m\n                    \u001b[33mclass\u001b[39m=\u001b[32m\"trade-offer-chip active\"\u001b[39m\n                  \u001b[36m>\u001b[39m\n                    \u001b[36m<strong>\u001b[39m\n                      \u001b[0mDay Labor\u001b[0m\n                    \u001b[36m</strong>\u001b[39m\n                    \u001b[36m<span>\u001b[39m\n                      \u001b[0m$\u001b[0m\n                      \u001b[0m84\u001b[0m\n                    \u001b[36m</span>\u001b[39m\n                    \u001b[36m<small>\u001b[39m\n                      \u001b[0mFallback\u001b[0m\n                    \u001b[36m</small>\u001b[39m\n                  \u001b[36m</button>\u001b[39m\n                  \u001b[36m<button\u001b[39m\n                    \u001b[33mclass\u001b[39m=\u001b[32m\"trade-offer-chip\"\u001b[39m\n                  \u001b[36m>\u001b[39m\n                    \u001b[36m<strong>\u001b[39m\n                      \u001b[0mBaba G\u001b[0m\n                    \u001b[36m</strong>\u001b[39m\n                    \u001b[36m<span>\u001b[39m\n                      \u001b[0m$\u001b[0m\n                      \u001b[0m300\u001b[0m\n                    \u001b[36m</span>\u001b[39m\n                    \u001b[36m<small>\u001b[39m\n                      \u001b[0m68\u001b[0m\n                      \u001b[0m% risk\u001b[0m\n                    \u001b[36m</small>\u001b[39m\n                  \u001b[36m</button>\u001b[39m\n                \u001b[36m</div>\u001b[39m\n              \u001b[36m</article>\u001b[39m\n            \u001b[36m</section>\u001b[39m\n          \u001b[36m</section>\u001b[39m\n        \u001b[36m</section>\u001b[39m\n        \u001b[36m<nav\u001b[39m\n          \u001b[33maria-label\u001b[39m=\u001b[32m\"Primary navigation\"\u001b[39m\n          \u001b[33mclass\u001b[39m=\u001b[32m\"bottom-nav\"\u001b[39m\n        \u001b[36m>\u001b[39m\n          \u001b[36m<button\u001b[39m\n            \u001b[33maria-pressed\u001b[39m=\u001b[32m\"false\"\u001b[39m\n            \u001b[33mclass\u001b[39m=\u001b[32m\"tab-button\"\u001b[39m\n          \u001b[36m>\u001b[39m\n            \u001b[36m<span>\u001b[39m\n              \u001b[0mWork\u001b[0m\n            \u001b[36m</span>\u001b[39m\n          \u001b[36m</button>\u001b[39m\n          \u001b[36m<button\u001b[39m\n            \u001b[33maria-pressed\u001b[39m=\u001b[32m\"true\"\u001b[39m\n            \u001b[33mclass\u001b[39m=\u001b[32m\"tab-button active\"\u001b[39m\n          \u001b[36m>\u001b[39m\n            \u001b[36m<span>\u001b[39m\n              \u001b[0mOffice\u001b[0m\n            \u001b[36m</span>\u001b[39m\n          \u001b[36m</button>\u001b[39m\n          \u001b[36m<button\u001b[39m\n            \u001b[33maria-label\u001b[39m=\u001b[32m\"End Day\"\u001b[39m\n            \u001b[33mclass\u001b[39m=\u001b[32m\"tab-button\"\u001b[39m\n          \u001b[36m>\u001b[39m\n            \u001b[36m<span>\u001b[39m\n              \u001b[0mEnd Day\u001b[0m\n            \u001b[36m</span>\u001b[39m\n          \u001b[36m</button>\u001b[39m\n          \u001b[36m<button\u001b[39m\n            \u001b[33maria-label\u001b[39m=\u001b[32m\"Settings\"\u001b[39m\n            \u001b[33mclass\u001b[39m=\u001b[32m\"tab-button settings-gear-button\"\u001b[39m\n          \u001b[36m>\u001b[39m\n            \u001b[36m<span\u001b[39m\n              \u001b[33maria-hidden\u001b[39m=\u001b[32m\"true\"\u001b[39m\n              \u001b[33mclass\u001b[39m=\u001b[32m\"settings-gear-icon\"\u001b[39m\n            \u001b[36m>\u001b[39m\n              \u001b[0m⚙\u001b[0m\n            \u001b[36m</span>\u001b[39m\n          \u001b[36m</button>\u001b[39m\n        \u001b[36m</nav>\u001b[39m\n      \u001b[36m</main>\u001b[39m\n    \u001b[36m</div>\u001b[39m\n  \u001b[36m</div>\u001b[39m\n\u001b[36m</body>\u001b[39m\n    at Object.getElementError (C:\\ErrorHammer\\node_modules\\@testing-library\\dom\\dist\\config.js:37:19)\n    at C:\\ErrorHammer\\node_modules\\@testing-library\\dom\\dist\\query-helpers.js:76:38\n    at C:\\ErrorHammer\\node_modules\\@testing-library\\dom\\dist\\query-helpers.js:52:17\n    at C:\\ErrorHammer\\node_modules\\@testing-library\\dom\\dist\\query-helpers.js:95:19\n    at C:\\ErrorHammer\\tests\\ui_shell.test.tsx:648:19\n    at file:///C:/ErrorHammer/node_modules/@vitest/runner/dist/index.js:146:14\n    at file:///C:/ErrorHammer/node_modules/@vitest/runner/dist/index.js:533:11\n    at runWithTimeout (file:///C:/ErrorHammer/node_modules/@vitest/runner/dist/index.js:39:7)\n    at runTest (file:///C:/ErrorHammer/node_modules/@vitest/runner/dist/index.js:1056:17)\n    at processTicksAndRejections (node:internal/process/task_queues:104:5)"],"meta":{}},{"ancestorTitles":["compact shell ui"],"fullName":"compact shell ui EH-TW-102: quick buy appears for Baba offers when required tools are missing","status":"passed","title":"EH-TW-102: quick buy appears for Baba offers when required tools are missing","duration":455.3064999999988,"failureMessages":[],"meta":{}},{"ancestorTitles":["compact shell ui"],"fullName":"compact shell ui EH-TW-032 and EH-TW-033: company detail modals and bottom nav preserve gameplay state","status":"passed","title":"EH-TW-032 and EH-TW-033: company detail modals and bottom nav preserve gameplay state","duration":645.8781999999992,"failureMessages":[],"meta":{}},{"ancestorTitles":["compact shell ui"],"fullName":"compact shell ui EH-TW-047: company crew modal shows crew freeze messaging","status":"failed","title":"EH-TW-047: company crew modal shows crew freeze messaging","duration":807.2125000000015,"failureMessages":["TestingLibraryElementError: Unable to find an accessible element with the role \"dialog\" and name `/Crew: Coming Soon/i`\n\nHere are the accessible roles:\n\n  main:\n\n  Name \"\":\n  \u001b[36m<main\u001b[39m\n    \u001b[33mclass\u001b[39m=\u001b[32m\"screen-shell app-shell\"\u001b[39m\n  \u001b[36m/>\u001b[39m\n\n  --------------------------------------------------\n  article:\n\n  Name \"\":\n  \u001b[36m<article\u001b[39m\n    \u001b[33mclass\u001b[39m=\u001b[32m\"chrome-card inset-card office-menu-shell\"\u001b[39m\n  \u001b[36m/>\u001b[39m\n\n  Name \"\":\n  \u001b[36m<article\u001b[39m\n    \u001b[33mclass\u001b[39m=\u001b[32m\"hero-card chrome-card\"\u001b[39m\n  \u001b[36m/>\u001b[39m\n\n  Name \"\":\n  \u001b[36m<article\u001b[39m\n    \u001b[33mclass\u001b[39m=\u001b[32m\"chrome-card inset-card company-action-card\"\u001b[39m\n  \u001b[36m/>\u001b[39m\n\n  Name \"\":\n  \u001b[36m<article\u001b[39m\n    \u001b[33mclass\u001b[39m=\u001b[32m\"chrome-card inset-card\"\u001b[39m\n  \u001b[36m/>\u001b[39m\n\n  Name \"\":\n  \u001b[36m<article\u001b[39m\n    \u001b[33mclass\u001b[39m=\u001b[32m\"chrome-card inset-card\"\u001b[39m\n  \u001b[36m/>\u001b[39m\n\n  --------------------------------------------------\n  button:\n\n  Name \"Office menu\":\n  \u001b[36m<button\u001b[39m\n    \u001b[33maria-controls\u001b[39m=\u001b[32m\"office-sections-menu\"\u001b[39m\n    \u001b[33maria-expanded\u001b[39m=\u001b[32m\"false\"\u001b[39m\n    \u001b[33maria-label\u001b[39m=\u001b[32m\"Office menu\"\u001b[39m\n    \u001b[33mclass\u001b[39m=\u001b[32m\"ghost-button office-menu-trigger \"\u001b[39m\n    \u001b[33mtype\u001b[39m=\u001b[32m\"button\"\u001b[39m\n  \u001b[36m/>\u001b[39m\n\n  Name \"District Access\":\n  \u001b[36m<button\u001b[39m\n    \u001b[33mclass\u001b[39m=\u001b[32m\"primary-button\"\u001b[39m\n  \u001b[36m/>\u001b[39m\n\n  Name \"Crew: Coming Soon\":\n  \u001b[36m<button\u001b[39m\n    \u001b[33mclass\u001b[39m=\u001b[32m\"ghost-button\"\u001b[39m\n  \u001b[36m/>\u001b[39m\n\n  Name \"Competitor News\":\n  \u001b[36m<button\u001b[39m\n    \u001b[33mclass\u001b[39m=\u001b[32m\"ghost-button\"\u001b[39m\n  \u001b[36m/>\u001b[39m\n\n  Name \"Work\":\n  \u001b[36m<button\u001b[39m\n    \u001b[33maria-pressed\u001b[39m=\u001b[32m\"false\"\u001b[39m\n    \u001b[33mclass\u001b[39m=\u001b[32m\"tab-button\"\u001b[39m\n  \u001b[36m/>\u001b[39m\n\n  Name \"Office\":\n  \u001b[36m<button\u001b[39m\n    \u001b[33maria-pressed\u001b[39m=\u001b[32m\"true\"\u001b[39m\n    \u001b[33mclass\u001b[39m=\u001b[32m\"tab-button active\"\u001b[39m\n  \u001b[36m/>\u001b[39m\n\n  Name \"End Day\":\n  \u001b[36m<button\u001b[39m\n    \u001b[33maria-label\u001b[39m=\u001b[32m\"End Day\"\u001b[39m\n    \u001b[33mclass\u001b[39m=\u001b[32m\"tab-button\"\u001b[39m\n  \u001b[36m/>\u001b[39m\n\n  Name \"Settings\":\n  \u001b[36m<button\u001b[39m\n    \u001b[33maria-label\u001b[39m=\u001b[32m\"Setting
[...]
ic tone-info\"\u001b[39m\n              \u001b[33mrole\u001b[39m=\u001b[32m\"listitem\"\u001b[39m\n            \u001b[36m>\u001b[39m\n              \u001b[36m<span>\u001b[39m\n                \u001b[0mFuel\u001b[0m\n              \u001b[36m</span>\u001b[39m\n              \u001b[36m<strong>\u001b[39m\n                \u001b[0m8\u001b[0m\n                \u001b[0m/\u001b[0m\n                \u001b[0m12\u001b[0m\n              \u001b[36m</strong>\u001b[39m\n            \u001b[36m</span>\u001b[39m\n            \u001b[36m<span\u001b[39m\n              \u001b[33mclass\u001b[39m=\u001b[32m\"status-metric tone-energy\"\u001b[39m\n              \u001b[33mrole\u001b[39m=\u001b[32m\"listitem\"\u001b[39m\n            \u001b[36m>\u001b[39m\n              \u001b[36m<span>\u001b[39m\n                \u001b[0mHours\u001b[0m\n              \u001b[36m</span>\u001b[39m\n              \u001b[36m<strong>\u001b[39m\n                \u001b[0m8.0\u001b[0m\n                \u001b[0m/\u001b[0m\n                \u001b[0m8.0\u001b[0m\n              \u001b[36m</strong>\u001b[39m\n            \u001b[36m</span>\u001b[39m\n            \u001b[36m<span\u001b[39m\n              \u001b[33mclass\u001b[39m=\u001b[32m\"status-metric\"\u001b[39m\n              \u001b[33mrole\u001b[39m=\u001b[32m\"listitem\"\u001b[39m\n            \u001b[36m>\u001b[39m\n              \u001b[36m<span>\u001b[39m\n                \u001b[0mFatigue\u001b[0m\n              \u001b[36m</span>\u001b[39m\n              \u001b[36m<strong>\u001b[39m\n                \u001b[0m0\u001b[0m\n              \u001b[36m</strong>\u001b[39m\n            \u001b[36m</span>\u001b[39m\n          \u001b[36m</div>\u001b[39m\n        \u001b[36m</header>\u001b[39m\n        \u001b[36m<section\u001b[39m\n          \u001b[33mclass\u001b[39m=\u001b[32m\"tab-stage\"\u001b[39m\n        \u001b[36m>\u001b[39m\n          \u001b[36m<section\u001b[39m\n            \u001b[33mclass\u001b[39m=\u001b[32m\"tab-panel work-tab\"\u001b[39m\n          \u001b[36m>\u001b[39m\n            \u001b[36m<article\u001b[39m\n              \u001b[33mclass\u001b[39m=\u001b[32m\"chrome-card inset-card task-focus-card\"\u001b[39m\n            \u001b[36m>\u001b[39m\n              \u001b[36m<div\u001b[39m\n                \u001b[33mclass\u001b[39m=\u001b[32m\"section-label-row\"\u001b[39m\n              \u001b[36m>\u001b[39m\n                \u001b[36m<div>\u001b[39m\n                  \u001b[36m<p\u001b[39m\n                    \u001b[33mclass\u001b[39m=\u001b[32m\"eyebrow\"\u001b[39m\n                  \u001b[36m>\u001b[39m\n                    \u001b[0mCurrent Job: \u001b[0m\n                    \u001b[0mBase Cabinet Rehang\u001b[0m\n                  \u001b[36m</p>\u001b[39m\n                \u001b[36m</div>\u001b[39m\n              \u001b[36m</div>\u001b[39m\n              \u001b[36m<article\u001b[39m\n                \u001b[33mclass\u001b[39m=\u001b[32m\"task-summary current\"\u001b[39m\n              \u001b[36m>\u001b[39m\n                \u001b[36m<div\u001b[39m\n                  \u001b[33mclass\u001b[39m=\u001b[32m\"section-label-row tight-row\"\u001b[39m\n                \u001b[36m>\u001b[39m\n                  \u001b[36m<strong>\u001b[39m\n                    \u001b[0mRefuel At Gas Station\u001b[0m\n                  \u001b[36m</strong>\u001b[39m\n                  \u001b[36m<span>\u001b[39m\n                    \u001b[0mEst hours: 1\u001b[0m\n                  \u001b[36m</span>\u001b[39m\n                \u001b[36m</div>\u001b[39m\n                \u001b[36m<div\u001b[39m\n                  \u001b[33maria-hidden\u001b[39m=\u001b[32m\"true\"\u001b[39m\n                  \u001b[33mclass\u001b[39m=\u001b[32m\"progress-track\"\u001b[39m\n                \u001b[36m>\u001b[39m\n                  \u001b[36m<span\u001b[39m\n                    \u001b[33mstyle\u001b[39m=\u001b[32m\"width: 0%;\"\u001b[39m\n                  \u001b[36m/>\u001b[39m\n                \u001b[36m</div>\u001b[39m\n                \u001b[36m<small>\u001b[39m\n                  \u001b[0mgas-station\u001b[0m\n                \u001b[36m</small>\u001b[39m\n              \u001b[36m</article>\u001b[39m\n              \u001b[36m<p\u001b[39m\n                \u001b[33mclass\u001b[39m=\u001b[32m\"task-guidance\"\u001b[39m\n              \u001b[36m>\u001b[39m\n                \u001b[0mNext step: Refuel at Gas Station.\u001b[0m\n              \u001b[36m</p>\u001b[39m\n              \u001b[36m<div\u001b[39m\n                \u001b[33mclass\u001b[39m=\u001b[32m\"action-carousel\"\u001b[39m\n              \u001b[36m>\u001b[39m\n                \u001b[36m<div\u001b[39m\n                  \u001b[33mclass\u001b[39m=\u001b[32m\"action-carousel-header\"\u001b[39m\n                \u001b[36m>\u001b[39m\n                  \u001b[36m<div\u001b[39m\n                    \u001b[33mclass\u001b[39m=\u001b[32m\"action-callout\"\u001b[39m\n                  \u001b[36m>\u001b[39m\n                    \u001b[36m<strong>\u001b[39m\n                      \u001b[0mTAKE ACTION\u001b[0m\n                    \u001b[36m</strong>\u001b[39m\n                  \u001b[36m</div>\u001b[39m\n                  \u001b[36m<div\u001b[39m\n                    \u001b[33mclass\u001b[39m=\u001b[32m\"carousel-nav\"\u001b[39m\n                  \u001b[36m>\u001b[39m\n                    \u001b[36m<button\u001b[39m\n                      \u001b[33maria-label\u001b[39m=\u001b[32m\"Scroll task actions left\"\u001b[39m\n                      \u001b[33mclass\u001b[39m=\u001b[32m\"icon-button carousel-arrow\"\u001b[39m\n                      \u001b[33mdisabled\u001b[39m=\u001b[32m\"\"\u001b[39m\n                      \u001b[33mtype\u001b[39m=\u001b[32m\"button\"\u001b[39m\n                    \u001b[36m>\u001b[39m\n                      \u001b[0m&lt;\u001b[0m\n                    \u001b[36m</button>\u001b[39m\n                    \u001b[36m<button\u001b[39m\n                      \u001b[33maria-label\u001b[39m=\u001b[32m\"Scroll task actions right\"\u001b[39m\n                      \u001b[33mclass\u001b[39m=\u001b[32m\"icon-button carousel-arrow\"\u001b[39m\n                      \u001b[33mdisabled\u001b[39m=\u001b[32m\"\"\u001b[39m\n                      \u001b[33mtype\u001b[39m=\u001b[32m\"button\"\u001b[39m\n                    \u001b[36m>\u001b[39m\n                      \u001b[0m&gt;\u001b[0m\n                    \u001b[36m</button>\u001b[39m\n                  \u001b[36m</div>\u001b[39m\n                \u001b[36m</div>\u001b[39m\n                \u001b[36m<div\u001b[39m\n                  \u001b[33mclass\u001b[39m=\u001b[32m\"carousel-track action-carousel-track\"\u001b[39m\n                \u001b[36m>\u001b[39m\n                  \u001b[36m<button\u001b[39m\n                    \u001b[33mclass\u001b[39m=\u001b[32m\"primary-button action-carousel-button tone-warning\"\u001b[39m\n                  \u001b[36m>\u001b[39m\n                    \u001b[0mSkip Refuel\u001b[0m\n                  \u001b[36m</button>\u001b[39m\n                  \u001b[36m<button\u001b[39m\n                    \u001b[33mclass\u001b[39m=\u001b[32m\"primary-button action-carousel-button tone-info\"\u001b[39m\n                  \u001b[36m>\u001b[39m\n                    \u001b[0mBuy 1 Fuel\u001b[0m\n                  \u001b[36m</button>\u001b[39m\n                  \u001b[36m<button\u001b[39m\n                    \u001b[33mclass\u001b[39m=\u001b[32m\"primary-button action-carousel-button tone-success\"\u001b[39m\n                  \u001b[36m>\u001b[39m\n                    \u001b[0mFill Tank\u001b[0m\n                  \u001b[36m</button>\u001b[39m\n                \u001b[36m</div>\u001b[39m\n              \u001b[36m</div>\u001b[39m\n              \u001b[36m<div\u001b[39m\n                \u001b[33mclass\u001b[39m=\u001b[32m\"detail-block task-collapsible-section\"\u001b[39m\n              \u001b[36m>\u001b[39m\n                \u001b[36m<button\u001b[39m\n                  \u001b[33maria-expanded\u001b[39m=\u001b[32m\"false\"\u001b[39m\n                  \u001b[33mclass\u001b[39m=\u001b[32m\"ghost-button task-collapsible-toggle\"\u001b[39m\n                \u001b[36m>\u001b[39m\n                  \u001b[36m<strong>\u001b[39m\n                    \u001b[0mBudget\u001b[0m\n                  \u001b[36m</strong>\u001b[39m\n                  \u001b[36m<span\u001b[39m\n                    \u001b[33mclass\u001b[39m=\u001b[32m\"task-collapsible-meta tone-success\"\u001b[39m\n                  \u001b[36m>\u001b[39m\n                    \u001b[0mNet on success \u001b[0m\n                    \u001b[0m+$332\u001b[0m\n                  \u001b[36m</span>\u001b[39m\n                \u001b[36m</button>\u001b[39m\n              \u001b[36m</div>\u001b[39m\n              \u001b[36m<div\u001b[39m\n                \u001b[33mclass\u001b[39m=\u001b[32m\"detail-block task-collapsible-section recovery-actions-block\"\u001b[39m\n              \u001b[36m>\u001b[39m\n                \u001b[36m<button\u001b[39m\n                  \u001b[33maria-expanded\u001b[39m=\u001b[32m\"false\"\u001b[39m\n                  \u001b[33mclass\u001b[39m=\u001b[32m\"ghost-button task-collapsible-toggle\"\u001b[39m\n                \u001b[36m>\u001b[39m\n                  \u001b[36m<strong>\u001b[39m\n                    \u001b[0mCut Losses\u001b[0m\n                  \u001b[36m</strong>\u001b[39m\n                \u001b[36m</button>\u001b[39m\n              \u001b[36m</div>\u001b[39m\n            \u001b[36m</article>\u001b[39m\n            \u001b[36m<article\u001b[39m\n              \u001b[33mclass\u001b[39m=\u001b[32m\"hero-card chrome-card active-job-hero\"\u001b[39m\n            \u001b[36m>\u001b[39m\n              \u001b[36m<div\u001b[39m\n                \u001b[33mclass\u001b[39m=\u001b[32m\"section-label-row active-job-header-row\"\u001b[39m\n              \u001b[36m>\u001b[39m\n                \u001b[36m<span\u001b[39m\n                  \u001b[33mclass\u001b[39m=\u001b[32m\"summary-toggle-copy\"\u001b[39m\n                \u001b[36m>\u001b[39m\n                  \u001b[36m<span\u001b[39m\n                    \u001b[33mclass\u001b[39m=\u001b[32m\"eyebrow\"\u001b[39m\n                  \u001b[36m>\u001b[39m\n                    \u001b[0mActive Job\u001b[0m\n                  \u001b[36m</span>\u001b[39m\n                  \u001b[36m<span\u001b[39m\n                    \u001b[33mclass\u001b[39m=\u001b[32m\"summary-toggle-title\"\u001b[39m\n                  \u001b[36m>\u001b[39m\n                    \u001b[0mBase Cabinet Rehang\u001b[0m\n                  \u001b[36m</span>\u001b[39m\n                \u001b[36m</span>\u001b[39m\n                \u001b[36m<button\u001b[39m\n                  \u001b[33maria-controls\u001b[39m=\u001b[32m\"active-job-panel\"\u001b[39m\n                  \u001b[33maria-expanded\u001b[39m=\u001b[32m\"false\"\u001b[39m\n                  \u001b[33maria-label\u001b[39m=\u001b[32m\"Toggle active job details for Base Cabinet Rehang\"\u001b[39m\n                  \u001b[33mclass\u001b[39m=\u001b[32m\"ghost-button summary-detail-button\"\u001b[39m\n                  \u001b[33mtype\u001b[39m=\u001b[32m\"button\"\u001b[39m\n                \u001b[36m>\u001b[39m\n                  \u001b[0mDetails\u001b[0m\n                \u001b[36m</button>\u001b[39m\n              \u001b[36m</div>\u001b[39m\n              \u001b[36m<div\u001b[39m\n                \u001b[33maria-hidden\u001b[39m=\u001b[32m\"true\"\u001b[39m\n                \u001b[33mclass\u001b[39m=\u001b[32m\"collapsible-panel\"\u001b[39m\n                \u001b[33mid\u001b[39m=\u001b[32m\"active-job-panel\"\u001b[39m\n              \u001b[36m>\u001b[39m\n                \u001b[36m<p\u001b[39m\n                  \u001b[33mclass\u001b[39m=\u001b[32m\"muted-copy\"\u001b[39m\n                \u001b[36m>\u001b[39m\n                  \u001b[0mCabinet Maker job ticket: \"Base Cabinet Rehang\" needs a same-day save without drama.\u001b[0m\n                \u001b[36m</p>\u001b[39m\n                \u001b[36m<div\u001b[39m\n                  \u001b[33mclass\u001b[39m=\u001b[32m\"metric-grid two-up\"\u001b[39m\n                \u001b[36m>\u001b[39m\n                  \u001b[36m<span>\u001b[39m\n                    \u001b[0mPayout $\u001b[0m\n                    \u001b[0m450\u001b[0m\n                  \u001b[36m</span>\u001b[39m\n                  \u001b[36m<span>\u001b[39m\n                    \u001b[0mQuality \u001b[0m\n                    \u001b[0m0\u001b[0m\n                  \u001b[36m</span>\u001b[39m\n                  \u001b[36m<span>\u001b[39m\n                    \u001b[0mParts \u001b[0m\n                    \u001b[0mpending\u001b[0m\n                  \u001b[36m</span>\u001b[39m\n                  \u001b[36m<span>\u001b[39m\n                    \u001b[0mTime \u001b[0m\n                    \u001b[0m0.0 hours\u001b[0m\n                    \u001b[0m/\u001b[0m\n                    \u001b[0m9.0 hours\u001b[0m\n                  \u001b[36m</span>\u001b[39m\n                  \u001b[36m<span>\u001b[39m\n                    \u001b[0mRework \u001b[0m\n                    \u001b[0m0\u001b[0m\n                  \u001b[36m</span>\u001b[39m\n                \u001b[36m</div>\u001b[39m\n                \u001b[36m<div\u001b[39m\n                  \u001b[33mclass\u001b[39m=\u001b[32m\"detail-block\"\u001b[39m\n                \u001b[36m>\u001b[39m\n                  \u001b[36m<strong>\u001b[39m\n                    \u001b[0mAssigned To\u001b[0m\n                  \u001b[36m</strong>\u001b[39m\n                  \u001b[36m<p\u001b[39m\n                    \u001b[33mclass\u001b[39m=\u001b[32m\"muted-copy\"\u001b[39m\n                  \u001b[36m>\u001b[39m\n                    \u001b[0mOwner/Operator (Crew: Coming Soon)\u001b[0m\n                  \u001b[36m</p>\u001b[39m\n                \u001b[36m</div>\u001b[39m\n                \u001b[36m<div\u001b[39m\n                  \u001b[33mclass\u001b[39m=\u001b[32m\"action-row wrap-row\"\u001b[39m\n                \u001b[36m>\u001b[39m\n                  \u001b[36m<button\u001b[39m\n                    \u001b[33mclass\u001b[39m=\u001b[32m\"ghost-button\"\u001b[39m\n                  \u001b[36m>\u001b[39m\n                    \u001b[0mJob Details\u001b[0m\n                  \u001b[36m</button>\u001b[39m\n                  \u001b[36m<button\u001b[39m\n                    \u001b[33mclass\u001b[39m=\u001b[32m\"ghost-button\"\u001b[39m\n                  \u001b[36m>\u001b[39m\n                    \u001b[0mField Log\u001b[0m\n                  \u001b[36m</button>\u001b[39m\n                \u001b[36m</div>\u001b[39m\n              \u001b[36m</div>\u001b[39m\n            \u001b[36m</article>\u001b[39m\n          \u001b[36m</section>\u001b[39m\n        \u001b[36m</section>\u001b[39m\n        \u001b[36m<nav\u001b[39m\n          \u001b[33maria-label\u001b[39m=\u001b[32m\"Primary navigation\"\u001b[39m\n          \u001b[33mclass\u001b[39m=\u001b[32m\"bottom-nav\"\u001b[39m\n        \u001b[36m>\u001b[39m\n          \u001b[36m<button\u001b[39m\n            \u001b[33maria-pressed\u001b[39m=\u001b[32m\"true\"\u001b[39m\n            \u001b[33mclass\u001b[39m=\u001b[32m\"tab-button active\"\u001b[39m\n          \u001b[36m>\u001b[39m\n            \u001b[36m<span>\u001b[39m\n              \u001b[0mWork\u001b[0m\n            \u001b[36m</span>\u001b[39m\n          \u001b[36m</button>\u001b[39m\n          \u001b[36m<button\u001b[39m\n            \u001b[33maria-pressed\u001b[39m=\u001b[32m\"false\"\u001b[39m\n            \u001b[33mclass\u001b[39m=\u001b[32m\"tab-button\"\u001b[39m\n          \u001b[36m>\u001b[39m\n            \u001b[36m<span>\u001b[39m\n              \u001b[0mOffice\u001b[0m\n            \u001b[36m</span>\u001b[39m\n          \u001b[36m</button>\u001b[39m\n          \u001b[36m<button\u001b[39m\n            \u001b[33maria-label\u001b[39m=\u001b[32m\"End Day\"\u001b[39m\n            \u001b[33mclass\u001b[39m=\u001b[32m\"tab-button\"\u001b[39m\n          \u001b[36m>\u001b[39m\n            \u001b[36m<span>\u001b[39m\n              \u001b[0mEnd Day\u001b[0m\n            \u001b[36m</span>\u001b[39m\n          \u001b[36m</button>\u001b[39m\n          \u001b[36m<button\u001b[39m\n            \u001b[33maria-label\u001b[39m=\u001b[32m\"Settings\"\u001b[39m\n            \u001b[33mclass\u001b[39m=\u001b[32m\"tab-button settings-gear-button\"\u001b[39m\n          \u001b[36m>\u001b[39m\n            \u001b[36m<span\u001b[39m\n              \u001b[33maria-hidden\u001b[39m=\u001b[32m\"true\"\u001b[39m\n              \u001b[33mclass\u001b[39m=\u001b[32m\"settings-gear-icon\"\u001b[39m\n            \u001b[36m>\u001b[39m\n              \u001b[0m⚙\u001b[0m\n            \u001b[36m</span>\u001b[39m\n          \u001b[36m</button>\u001b[39m\n        \u001b[36m</nav>\u001b[39m\n      \u001b[36m</main>\u001b[39m\n    \u001b[36m</div>\u001b[39m\n  \u001b[36m</div>\u001b[39m\n\u001b[36m</body>\u001b[39m\n    at Object.getElementError (C:\\ErrorHammer\\node_modules\\@testing-library\\dom\\dist\\config.js:37:19)\n    at C:\\ErrorHammer\\node_modules\\@testing-library\\dom\\dist\\query-helpers.js:76:38\n    at C:\\ErrorHammer\\node_modules\\@testing-library\\dom\\dist\\query-helpers.js:52:17\n    at C:\\ErrorHammer\\node_modules\\@testing-library\\dom\\dist\\query-helpers.js:95:19\n    at C:\\ErrorHammer\\tests\\ui_shell.test.tsx:1796:19\n    at file:///C:/ErrorHammer/node_modules/@vitest/runner/dist/index.js:146:14\n    at file:///C:/ErrorHammer/node_modules/@vitest/runner/dist/index.js:533:11\n    at runWithTimeout (file:///C:/ErrorHammer/node_modules/@vitest/runner/dist/index.js:39:7)\n    at runTest (file:///C:/ErrorHammer/node_modules/@vitest/runner/dist/index.js:1056:17)\n    at processTicksAndRejections (node:internal/process/task_queues:104:5)"],"meta":{}},{"ancestorTitles":["compact shell ui"],"fullName":"compact shell ui EH-TW-101: contracts risk band and outcome snapshot chips map to tone classes","status":"passed","title":"EH-TW-101: contracts risk band and outcome snapshot chips map to tone classes","duration":585.9015999999974,"failureMessages":[],"meta":{}},{"ancestorTitles":["compact shell ui"],"fullName":"compact shell ui EH-TW-126: Rebar Bob encounter popup stays until manually closed and does not lock End Day","status":"passed","title":"EH-TW-126: Rebar Bob encounter popup stays until manually closed and does not lock End Day","duration":1946.457199999997,"failureMessages":[],"meta":{}},{"ancestorTitles":["compact shell ui"],"fullName":"compact shell ui EH-TW-127: task result lines include Rebar Bob encounter copy when triggered","status":"passed","title":"EH-TW-127: task result lines include Rebar Bob encounter copy when triggered","duration":1436.8784000000014,"failureMessages":[],"meta":{}},{"ancestorTitles":["compact shell ui"],"fullName":"compact shell ui EH-TW-128: Current Task uses hours done vs estimated format","status":"passed","title":"EH-TW-128: Current Task uses hours done vs estimated format","duration":936.6275999999998,"failureMessages":[],"meta":{}},{"ancestorTitles":["compact shell ui"],"fullName":"compact shell ui EH-TW-129: Task Result includes task and job estimated vs actual hours on payment","status":"passed","title":"EH-TW-129: Task Result includes task and job estimated vs actual hours on payment","duration":1222.895199999999,"failureMessages":[],"meta":{}},{"ancestorTitles":["compact shell ui"],"fullName":"compact shell ui EH-TW-130: non-Baba contracts show auto-bid line while Baba stays fixed","status":"passed","title":"EH-TW-130: non-Baba contracts show auto-bid line while Baba stays fixed","duration":42.84470000000147,"failureMessages":[],"meta":{}},{"ancestorTitles":["compact shell ui"],"fullName":"compact shell ui EH-TW-131: Accounting shows Contract Files after a contract closes","status":"passed","title":"EH-TW-131: Accounting shows Contract Files after a contract closes","duration":67.82410000000527,"failureMessages":[],"meta":{}}],"startTime":1772754744854,"endTime":1772754801889.8242,"status":"failed","message":"","name":"C:/ErrorHammer/tests/ui_shell.test.tsx"}]}